/bin/rm  -vf /users/40173800/FDTD/src/*.o /users/40173800/FDTD/bin/*.x 
removed ‘/users/40173800/FDTD/bin/fdtd3d.x’
gcc -fopenmp -Wall -o3 -g --std=c99 -o /users/40173800/FDTD/bin/fdtd3d.x /users/40173800/FDTD/src/fdtd3d_float.c  -lm 
	TMP_DIR = /tmp/24319	
	
	PWD = /tmp/24319 
	
	Following is the input.dat contains 
	
7
1
3 2.0 3.0
	
	**** End of input.dat 
	
   
    Bash script to run the FDTD3D_Float job using OpenMP  
    --------------------------------------------------- 
   
    Time now: Thu 27 Feb 13:16:09 GMT 2020 
   
    Details of the BASH shell environment 
   
      HOSTNAME = node058 
      OMP_NUM_THREADS = 2
      PATH     = /opt/gridware/depots/54e7fb3c/el7/pkg/compilers/gcc/5.1.0/bin:/opt/flight-direct/embedded/bin/:/usr/lib64/qt-3.3/bin:/opt/flight-direct/opt/s3cmd:/opt/flight-direct/embedded/bin/:/usr/local/bin:/usr/bin:/usr/local/sbin:/usr/sbin:/users/40173800/.local/bin:/users/40173800/bin     
      PWD      = /tmp/24319      
      HOME     = /users/40173800     
      PID      = 24319          
      PPID     = 24314     
      UID      = 406600106      
      EUID     = 406600106     
   
      Op. sys  = 3.10.0-957.5.1.el7.x86_64   
      Arch.    = Linux node058.pri.kelvin2.alces.network 3.10.0-957.5.1.el7.x86_64 #1 SMP Fri Feb 1 14:54:57 UTC 2019 x86_64 x86_64 x86_64 GNU/Linux     
   
      Num CPUs =  on this compute node 
   
      PROJ_DIR = /users/40173800/FDTD 
   
   
    Information from /proc/cpuinfo 
   
   
    **** End of information from /proc/cpuinfo 
   


     FDTD simulation of plane wave scattering 
     ========================================   

     Number of grid points: 
       x-dimension (IE) =  300 
       y-dimension (JE) =  300 
       z-dimension (KE) =  300 

     Number of frequencies (NFREQS) =   3

     Cell locations: 

       (ic,jc,kc) = (150,150,150) 
       (ia,ja,ka) = (20,20,20) 
       (ib,jb,kb) = (279,279,279)   

     Parameters for each frequency - Fourier transform



Enter the value for number of points in PML (npml) --> Value read for npml = 7.000000 
     Computed values for each PML 



     Contents of the fi1/gi2/gi3 matrices  


     Contents of the fj & gj vectors

     Contents of the fk & gk vectors

Enter the number of dielectric spheres --> Number of dielectric spheres (numsph) = 1 
 Enter sphere radius (cells), epsilon, sigma -->    Values read - Radius =   3.00	Eps =   2.00	Sigma =   3.00 
 

     Summary of 2 dielectrics: 

     Note: entry [0] is for free space and has radius "0" 

           Other dieletrics are arranged in concentric circles 
           around the centre of the grid - (ic,jc,kc) = (150,150,150)

     Index   Radius   Epsilon   Sigma  
     -----   ------   -------  ------- 


     **** End of details of dielectric spheres 

     Contents of the the Gax 3D matrix



     End of the Gax 3D matrix

    Contents of the 3D Gay matrix 



     Entering time loop ... 

     Number of time steps = 150

     OMP system reports following parameters: 
         max number of threads    =      2 
         number of computer nodes =      2   



 ----------------------------------------------------------------------

     Timestep (n) = 1 of 150 

     Time (T) =    1. Magnitude of pulse =   0.00 
 



 ----------------------------------------------------------------------

     Timestep (n) = 2 of 150 

     Time (T) =    2. Magnitude of pulse =   0.00 
 



 ----------------------------------------------------------------------

     Timestep (n) = 3 of 150 

     Time (T) =    3. Magnitude of pulse =   0.00 
 



 ----------------------------------------------------------------------

     Timestep (n) = 4 of 150 

     Time (T) =    4. Magnitude of pulse =   0.00 
 



 ----------------------------------------------------------------------

     Timestep (n) = 5 of 150 

     Time (T) =    5. Magnitude of pulse =   0.00 
 



 ----------------------------------------------------------------------

     Timestep (n) = 6 of 150 

     Time (T) =    6. Magnitude of pulse =   0.00 
 



 ----------------------------------------------------------------------

     Timestep (n) = 7 of 150 

     Time (T) =    7. Magnitude of pulse =   0.00 
 



 ----------------------------------------------------------------------

     Timestep (n) = 8 of 150 

     Time (T) =    8. Magnitude of pulse =   0.01 
 



 ----------------------------------------------------------------------

     Timestep (n) = 9 of 150 

     Time (T) =    9. Magnitude of pulse =   0.01 
 



 ----------------------------------------------------------------------

     Timestep (n) = 10 of 150 

     Time (T) =   10. Magnitude of pulse =   0.01 
 



 ----------------------------------------------------------------------

     Timestep (n) = 11 of 150 

     Time (T) =   11. Magnitude of pulse =   0.01 
 



 ----------------------------------------------------------------------

     Timestep (n) = 12 of 150 

     Time (T) =   12. Magnitude of pulse =   0.02 
 



 ----------------------------------------------------------------------

     Timestep (n) = 13 of 150 

     Time (T) =   13. Magnitude of pulse =   0.03 
 



 ----------------------------------------------------------------------

     Timestep (n) = 14 of 150 

     Time (T) =   14. Magnitude of pulse =   0.03 
 



 ----------------------------------------------------------------------

     Timestep (n) = 15 of 150 

     Time (T) =   15. Magnitude of pulse =   0.04 
 



 ----------------------------------------------------------------------

     Timestep (n) = 16 of 150 

     Time (T) =   16. Magnitude of pulse =   0.06 
 



 ----------------------------------------------------------------------

     Timestep (n) = 17 of 150 

     Time (T) =   17. Magnitude of pulse =   0.07 
 



 ----------------------------------------------------------------------

     Timestep (n) = 18 of 150 

     Time (T) =   18. Magnitude of pulse =   0.09 
 



 ----------------------------------------------------------------------

     Timestep (n) = 19 of 150 

     Time (T) =   19. Magnitude of pulse =   0.11 
 



 ----------------------------------------------------------------------

     Timestep (n) = 20 of 150 

     Time (T) =   20. Magnitude of pulse =   0.14 
 



 ----------------------------------------------------------------------

     Timestep (n) = 21 of 150 

     Time (T) =   21. Magnitude of pulse =   0.16 
 



 ----------------------------------------------------------------------

     Timestep (n) = 22 of 150 

     Time (T) =   22. Magnitude of pulse =   0.20 
 



 ----------------------------------------------------------------------

     Timestep (n) = 23 of 150 

     Time (T) =   23. Magnitude of pulse =   0.24 
 



 ----------------------------------------------------------------------

     Timestep (n) = 24 of 150 

     Time (T) =   24. Magnitude of pulse =   0.28 
 



 ----------------------------------------------------------------------

     Timestep (n) = 25 of 150 

     Time (T) =   25. Magnitude of pulse =   0.32 
 



 ----------------------------------------------------------------------

     Timestep (n) = 26 of 150 

     Time (T) =   26. Magnitude of pulse =   0.38 
 



 ----------------------------------------------------------------------

     Timestep (n) = 27 of 150 

     Time (T) =   27. Magnitude of pulse =   0.43 
 



 ----------------------------------------------------------------------

     Timestep (n) = 28 of 150 

     Time (T) =   28. Magnitude of pulse =   0.49 
 



 ----------------------------------------------------------------------

     Timestep (n) = 29 of 150 

     Time (T) =   29. Magnitude of pulse =   0.55 
 



 ----------------------------------------------------------------------

     Timestep (n) = 30 of 150 

     Time (T) =   30. Magnitude of pulse =   0.61 
 



 ----------------------------------------------------------------------

     Timestep (n) = 31 of 150 

     Time (T) =   31. Magnitude of pulse =   0.67 
 



 ----------------------------------------------------------------------

     Timestep (n) = 32 of 150 

     Time (T) =   32. Magnitude of pulse =   0.73 
 



 ----------------------------------------------------------------------

     Timestep (n) = 33 of 150 

     Time (T) =   33. Magnitude of pulse =   0.78 
 



 ----------------------------------------------------------------------

     Timestep (n) = 34 of 150 

     Time (T) =   34. Magnitude of pulse =   0.84 
 



 ----------------------------------------------------------------------

     Timestep (n) = 35 of 150 

     Time (T) =   35. Magnitude of pulse =   0.88 
 



 ----------------------------------------------------------------------

     Timestep (n) = 36 of 150 

     Time (T) =   36. Magnitude of pulse =   0.92 
 



 ----------------------------------------------------------------------

     Timestep (n) = 37 of 150 

     Time (T) =   37. Magnitude of pulse =   0.96 
 



 ----------------------------------------------------------------------

     Timestep (n) = 38 of 150 

     Time (T) =   38. Magnitude of pulse =   0.98 
 



 ----------------------------------------------------------------------

     Timestep (n) = 39 of 150 

     Time (T) =   39. Magnitude of pulse =   1.00 
 



 ----------------------------------------------------------------------

     Timestep (n) = 40 of 150 

     Time (T) =   40. Magnitude of pulse =   1.00 
 



 ----------------------------------------------------------------------

     Timestep (n) = 41 of 150 

     Time (T) =   41. Magnitude of pulse =   1.00 
 



 ----------------------------------------------------------------------

     Timestep (n) = 42 of 150 

     Time (T) =   42. Magnitude of pulse =   0.98 
 



 ----------------------------------------------------------------------

     Timestep (n) = 43 of 150 

     Time (T) =   43. Magnitude of pulse =   0.96 
 



 ----------------------------------------------------------------------

     Timestep (n) = 44 of 150 

     Time (T) =   44. Magnitude of pulse =   0.92 
 



 ----------------------------------------------------------------------

     Timestep (n) = 45 of 150 

     Time (T) =   45. Magnitude of pulse =   0.88 
 



 ----------------------------------------------------------------------

     Timestep (n) = 46 of 150 

     Time (T) =   46. Magnitude of pulse =   0.84 
 



 ----------------------------------------------------------------------

     Timestep (n) = 47 of 150 

     Time (T) =   47. Magnitude of pulse =   0.78 
 



 ----------------------------------------------------------------------

     Timestep (n) = 48 of 150 

     Time (T) =   48. Magnitude of pulse =   0.73 
 



 ----------------------------------------------------------------------

     Timestep (n) = 49 of 150 

     Time (T) =   49. Magnitude of pulse =   0.67 
 



 ----------------------------------------------------------------------

     Timestep (n) = 50 of 150 

     Time (T) =   50. Magnitude of pulse =   0.61 
 



 ----------------------------------------------------------------------

     Timestep (n) = 51 of 150 

     Time (T) =   51. Magnitude of pulse =   0.55 
 



 ----------------------------------------------------------------------

     Timestep (n) = 52 of 150 

     Time (T) =   52. Magnitude of pulse =   0.49 
 



 ----------------------------------------------------------------------

     Timestep (n) = 53 of 150 

     Time (T) =   53. Magnitude of pulse =   0.43 
 



 ----------------------------------------------------------------------

     Timestep (n) = 54 of 150 

     Time (T) =   54. Magnitude of pulse =   0.38 
 



 ----------------------------------------------------------------------

     Timestep (n) = 55 of 150 

     Time (T) =   55. Magnitude of pulse =   0.32 
 



 ----------------------------------------------------------------------

     Timestep (n) = 56 of 150 

     Time (T) =   56. Magnitude of pulse =   0.28 
 



 ----------------------------------------------------------------------

     Timestep (n) = 57 of 150 

     Time (T) =   57. Magnitude of pulse =   0.24 
 



 ----------------------------------------------------------------------

     Timestep (n) = 58 of 150 

     Time (T) =   58. Magnitude of pulse =   0.20 
 



 ----------------------------------------------------------------------

     Timestep (n) = 59 of 150 

     Time (T) =   59. Magnitude of pulse =   0.16 
 



 ----------------------------------------------------------------------

     Timestep (n) = 60 of 150 

     Time (T) =   60. Magnitude of pulse =   0.14 
 



 ----------------------------------------------------------------------

     Timestep (n) = 61 of 150 

     Time (T) =   61. Magnitude of pulse =   0.11 
 



 ----------------------------------------------------------------------

     Timestep (n) = 62 of 150 

     Time (T) =   62. Magnitude of pulse =   0.09 
 



 ----------------------------------------------------------------------

     Timestep (n) = 63 of 150 

     Time (T) =   63. Magnitude of pulse =   0.07 
 



 ----------------------------------------------------------------------

     Timestep (n) = 64 of 150 

     Time (T) =   64. Magnitude of pulse =   0.06 
 



 ----------------------------------------------------------------------

     Timestep (n) = 65 of 150 

     Time (T) =   65. Magnitude of pulse =   0.04 
 



 ----------------------------------------------------------------------

     Timestep (n) = 66 of 150 

     Time (T) =   66. Magnitude of pulse =   0.03 
 



 ----------------------------------------------------------------------

     Timestep (n) = 67 of 150 

     Time (T) =   67. Magnitude of pulse =   0.03 
 



 ----------------------------------------------------------------------

     Timestep (n) = 68 of 150 

     Time (T) =   68. Magnitude of pulse =   0.02 
 



 ----------------------------------------------------------------------

     Timestep (n) = 69 of 150 

     Time (T) =   69. Magnitude of pulse =   0.01 
 



 ----------------------------------------------------------------------

     Timestep (n) = 70 of 150 

     Time (T) =   70. Magnitude of pulse =   0.01 
 



 ----------------------------------------------------------------------

     Timestep (n) = 71 of 150 

     Time (T) =   71. Magnitude of pulse =   0.01 
 



 ----------------------------------------------------------------------

     Timestep (n) = 72 of 150 

     Time (T) =   72. Magnitude of pulse =   0.01 
 



 ----------------------------------------------------------------------

     Timestep (n) = 73 of 150 

     Time (T) =   73. Magnitude of pulse =   0.00 
 



 ----------------------------------------------------------------------

     Timestep (n) = 74 of 150 

     Time (T) =   74. Magnitude of pulse =   0.00 
 



 ----------------------------------------------------------------------

     Timestep (n) = 75 of 150 

     Time (T) =   75. Magnitude of pulse =   0.00 
 



 ----------------------------------------------------------------------

     Timestep (n) = 76 of 150 

     Time (T) =   76. Magnitude of pulse =   0.00 
 



 ----------------------------------------------------------------------

     Timestep (n) = 77 of 150 

     Time (T) =   77. Magnitude of pulse =   0.00 
 



 ----------------------------------------------------------------------

     Timestep (n) = 78 of 150 

     Time (T) =   78. Magnitude of pulse =   0.00 
 



 ----------------------------------------------------------------------

     Timestep (n) = 79 of 150 

     Time (T) =   79. Magnitude of pulse =   0.00 
 



 ----------------------------------------------------------------------

     Timestep (n) = 80 of 150 

     Time (T) =   80. Magnitude of pulse =   0.00 
 



 ----------------------------------------------------------------------

     Timestep (n) = 81 of 150 

     Time (T) =   81. Magnitude of pulse =   0.00 
 



 ----------------------------------------------------------------------

     Timestep (n) = 82 of 150 

     Time (T) =   82. Magnitude of pulse =   0.00 
 



 ----------------------------------------------------------------------

     Timestep (n) = 83 of 150 

     Time (T) =   83. Magnitude of pulse =   0.00 
 



 ----------------------------------------------------------------------

     Timestep (n) = 84 of 150 

     Time (T) =   84. Magnitude of pulse =   0.00 
 



 ----------------------------------------------------------------------

     Timestep (n) = 85 of 150 

     Time (T) =   85. Magnitude of pulse =   0.00 
 



 ----------------------------------------------------------------------

     Timestep (n) = 86 of 150 

     Time (T) =   86. Magnitude of pulse =   0.00 
 



 ----------------------------------------------------------------------

     Timestep (n) = 87 of 150 

     Time (T) =   87. Magnitude of pulse =   0.00 
 



 ----------------------------------------------------------------------

     Timestep (n) = 88 of 150 

     Time (T) =   88. Magnitude of pulse =   0.00 
 



 ----------------------------------------------------------------------

     Timestep (n) = 89 of 150 

     Time (T) =   89. Magnitude of pulse =   0.00 
 



 ----------------------------------------------------------------------

     Timestep (n) = 90 of 150 

     Time (T) =   90. Magnitude of pulse =   0.00 
 



 ----------------------------------------------------------------------

     Timestep (n) = 91 of 150 

     Time (T) =   91. Magnitude of pulse =   0.00 
 



 ----------------------------------------------------------------------

     Timestep (n) = 92 of 150 

     Time (T) =   92. Magnitude of pulse =   0.00 
 



 ----------------------------------------------------------------------

     Timestep (n) = 93 of 150 

     Time (T) =   93. Magnitude of pulse =   0.00 
 



 ----------------------------------------------------------------------

     Timestep (n) = 94 of 150 

     Time (T) =   94. Magnitude of pulse =   0.00 
 



 ----------------------------------------------------------------------

     Timestep (n) = 95 of 150 

     Time (T) =   95. Magnitude of pulse =   0.00 
 



 ----------------------------------------------------------------------

     Timestep (n) = 96 of 150 

     Time (T) =   96. Magnitude of pulse =   0.00 
 



 ----------------------------------------------------------------------

     Timestep (n) = 97 of 150 

     Time (T) =   97. Magnitude of pulse =   0.00 
 



 ----------------------------------------------------------------------

     Timestep (n) = 98 of 150 

     Time (T) =   98. Magnitude of pulse =   0.00 
 



 ----------------------------------------------------------------------

     Timestep (n) = 99 of 150 

     Time (T) =   99. Magnitude of pulse =   0.00 
 



 ----------------------------------------------------------------------

     Timestep (n) = 100 of 150 

     Time (T) =  100. Magnitude of pulse =   0.00 
 



 ----------------------------------------------------------------------

     Timestep (n) = 101 of 150 

     Time (T) =  101. Magnitude of pulse =   0.00 
 



 ----------------------------------------------------------------------

     Timestep (n) = 102 of 150 

     Time (T) =  102. Magnitude of pulse =   0.00 
 



 ----------------------------------------------------------------------

     Timestep (n) = 103 of 150 

     Time (T) =  103. Magnitude of pulse =   0.00 
 



 ----------------------------------------------------------------------

     Timestep (n) = 104 of 150 

     Time (T) =  104. Magnitude of pulse =   0.00 
 



 ----------------------------------------------------------------------

     Timestep (n) = 105 of 150 

     Time (T) =  105. Magnitude of pulse =   0.00 
 



 ----------------------------------------------------------------------

     Timestep (n) = 106 of 150 

     Time (T) =  106. Magnitude of pulse =   0.00 
 



 ----------------------------------------------------------------------

     Timestep (n) = 107 of 150 

     Time (T) =  107. Magnitude of pulse =   0.00 
 



 ----------------------------------------------------------------------

     Timestep (n) = 108 of 150 

     Time (T) =  108. Magnitude of pulse =   0.00 
 



 ----------------------------------------------------------------------

     Timestep (n) = 109 of 150 

     Time (T) =  109. Magnitude of pulse =   0.00 
 



 ----------------------------------------------------------------------

     Timestep (n) = 110 of 150 

     Time (T) =  110. Magnitude of pulse =   0.00 
 



 ----------------------------------------------------------------------

     Timestep (n) = 111 of 150 

     Time (T) =  111. Magnitude of pulse =   0.00 
 



 ----------------------------------------------------------------------

     Timestep (n) = 112 of 150 

     Time (T) =  112. Magnitude of pulse =   0.00 
 



 ----------------------------------------------------------------------

     Timestep (n) = 113 of 150 

     Time (T) =  113. Magnitude of pulse =   0.00 
 



 ----------------------------------------------------------------------

     Timestep (n) = 114 of 150 

     Time (T) =  114. Magnitude of pulse =   0.00 
 



 ----------------------------------------------------------------------

     Timestep (n) = 115 of 150 

     Time (T) =  115. Magnitude of pulse =   0.00 
 



 ----------------------------------------------------------------------

     Timestep (n) = 116 of 150 

     Time (T) =  116. Magnitude of pulse =   0.00 
 



 ----------------------------------------------------------------------

     Timestep (n) = 117 of 150 

     Time (T) =  117. Magnitude of pulse =   0.00 
 



 ----------------------------------------------------------------------

     Timestep (n) = 118 of 150 

     Time (T) =  118. Magnitude of pulse =   0.00 
 



 ----------------------------------------------------------------------

     Timestep (n) = 119 of 150 

     Time (T) =  119. Magnitude of pulse =   0.00 
 



 ----------------------------------------------------------------------

     Timestep (n) = 120 of 150 

     Time (T) =  120. Magnitude of pulse =   0.00 
 



 ----------------------------------------------------------------------

     Timestep (n) = 121 of 150 

     Time (T) =  121. Magnitude of pulse =   0.00 
 



 ----------------------------------------------------------------------

     Timestep (n) = 122 of 150 

     Time (T) =  122. Magnitude of pulse =   0.00 
 



 ----------------------------------------------------------------------

     Timestep (n) = 123 of 150 

     Time (T) =  123. Magnitude of pulse =   0.00 
 



 ----------------------------------------------------------------------

     Timestep (n) = 124 of 150 

     Time (T) =  124. Magnitude of pulse =   0.00 
 



 ----------------------------------------------------------------------

     Timestep (n) = 125 of 150 

     Time (T) =  125. Magnitude of pulse =   0.00 
 



 ----------------------------------------------------------------------

     Timestep (n) = 126 of 150 

     Time (T) =  126. Magnitude of pulse =   0.00 
 



 ----------------------------------------------------------------------

     Timestep (n) = 127 of 150 

     Time (T) =  127. Magnitude of pulse =   0.00 
 



 ----------------------------------------------------------------------

     Timestep (n) = 128 of 150 

     Time (T) =  128. Magnitude of pulse =   0.00 
 



 ----------------------------------------------------------------------

     Timestep (n) = 129 of 150 

     Time (T) =  129. Magnitude of pulse =   0.00 
 



 ----------------------------------------------------------------------

     Timestep (n) = 130 of 150 

     Time (T) =  130. Magnitude of pulse =   0.00 
 



 ----------------------------------------------------------------------

     Timestep (n) = 131 of 150 

     Time (T) =  131. Magnitude of pulse =   0.00 
 



 ----------------------------------------------------------------------

     Timestep (n) = 132 of 150 

     Time (T) =  132. Magnitude of pulse =   0.00 
 



 ----------------------------------------------------------------------

     Timestep (n) = 133 of 150 

     Time (T) =  133. Magnitude of pulse =   0.00 
 



 ----------------------------------------------------------------------

     Timestep (n) = 134 of 150 

     Time (T) =  134. Magnitude of pulse =   0.00 
 



 ----------------------------------------------------------------------

     Timestep (n) = 135 of 150 

     Time (T) =  135. Magnitude of pulse =   0.00 
 



 ----------------------------------------------------------------------

     Timestep (n) = 136 of 150 

     Time (T) =  136. Magnitude of pulse =   0.00 
 



 ----------------------------------------------------------------------

     Timestep (n) = 137 of 150 

     Time (T) =  137. Magnitude of pulse =   0.00 
 



 ----------------------------------------------------------------------

     Timestep (n) = 138 of 150 

     Time (T) =  138. Magnitude of pulse =   0.00 
 



 ----------------------------------------------------------------------

     Timestep (n) = 139 of 150 

     Time (T) =  139. Magnitude of pulse =   0.00 
 



 ----------------------------------------------------------------------

     Timestep (n) = 140 of 150 

     Time (T) =  140. Magnitude of pulse =   0.00 
 



 ----------------------------------------------------------------------

     Timestep (n) = 141 of 150 

     Time (T) =  141. Magnitude of pulse =   0.00 
 



 ----------------------------------------------------------------------

     Timestep (n) = 142 of 150 

     Time (T) =  142. Magnitude of pulse =   0.00 
 



 ----------------------------------------------------------------------

     Timestep (n) = 143 of 150 

     Time (T) =  143. Magnitude of pulse =   0.00 
 



 ----------------------------------------------------------------------

     Timestep (n) = 144 of 150 

     Time (T) =  144. Magnitude of pulse =   0.00 
 



 ----------------------------------------------------------------------

     Timestep (n) = 145 of 150 

     Time (T) =  145. Magnitude of pulse =   0.00 
 



 ----------------------------------------------------------------------

     Timestep (n) = 146 of 150 

     Time (T) =  146. Magnitude of pulse =   0.00 
 



 ----------------------------------------------------------------------

     Timestep (n) = 147 of 150 

     Time (T) =  147. Magnitude of pulse =   0.00 
 



 ----------------------------------------------------------------------

     Timestep (n) = 148 of 150 

     Time (T) =  148. Magnitude of pulse =   0.00 
 



 ----------------------------------------------------------------------

     Timestep (n) = 149 of 150 

     Time (T) =  149. Magnitude of pulse =   0.00 
 



 ----------------------------------------------------------------------

     Timestep (n) = 150 of 150 

     Time (T) =  150. Magnitude of pulse =   0.00 
 



     Loop over timeateps is completed

     Details of the JC Plane now follow

T =  150 


     **** End of program


real	3m54.871s
user	7m27.071s
sys	0m4.316s
   
    ***** Script completes at Thu 27 Feb 13:20:04 GMT 2020 
   
