
libgomp: Invalid value for environment variable OMP_NUM_THREADS

Starting OpenCL device query: 
------------------------------
[Error] OpenCL error code: -1001 in clGetPlatformIDs: Getting number of available platforms 

real	0m0.037s
user	0m0.002s
sys	0m0.004s
  
----------------------------------------------------------
  
   Running case for DIM = 4000 
  

libgomp: Invalid value for environment variable OMP_NUM_THREADS


      2D FDTD program 
      ---------------   

     4000 Set For the X Region
     4000 Set For the Y Region
Standard Mode Enabled


     Allocating CPU memory for ex, ey and hz fields



     Allocating CPU memory for exbcf, eybcf and hzxbcf and hzybcf fields (front PML region)



     Allocating CPU memory for exbcb, eybcb and hzxbcb and hzybcb fields (back PML region)



     Allocating CPU memory for exbcl, eybcl and hzxbcl and hzybcl fields (left PML region)



     Allocating CPU memory for exbcr, eybcr and hzxbcr and hzybcr fields (right PML region)



     CPU RAM has been allocated for all field components

     Total CPU memory allocation now: 388586144 bytes
     Updates will be performed using:  CPU sequentially 


     Iteration    0 (n) of  500 (nmax) 
     Iteration    1 (n) of  500 (nmax) 
     Iteration    2 (n) of  500 (nmax) 
     Iteration    3 (n) of  500 (nmax) 
     Iteration    4 (n) of  500 (nmax) 
     Iteration    5 (n) of  500 (nmax) 
     Iteration    6 (n) of  500 (nmax) 
     Iteration    7 (n) of  500 (nmax) 
     Iteration    8 (n) of  500 (nmax) 
     Iteration    9 (n) of  500 (nmax) 
     Iteration   10 (n) of  500 (nmax) 
     Iteration   11 (n) of  500 (nmax) 
     Iteration   12 (n) of  500 (nmax) 
     Iteration   13 (n) of  500 (nmax) 
     Iteration   14 (n) of  500 (nmax) 
     Iteration   15 (n) of  500 (nmax) 
     Iteration   16 (n) of  500 (nmax) 
     Iteration   17 (n) of  500 (nmax) 
     Iteration   18 (n) of  500 (nmax) 
     Iteration   19 (n) of  500 (nmax) 
     Iteration   20 (n) of  500 (nmax) 
     Iteration   21 (n) of  500 (nmax) 
     Iteration   22 (n) of  500 (nmax) 
     Iteration   23 (n) of  500 (nmax) 
     Iteration   24 (n) of  500 (nmax) 
     Iteration   25 (n) of  500 (nmax) 
     Iteration   26 (n) of  500 (nmax) 
     Iteration   27 (n) of  500 (nmax) 
     Iteration   28 (n) of  500 (nmax) 
     Iteration   29 (n) of  500 (nmax) 
     Iteration   30 (n) of  500 (nmax) 
     Iteration   31 (n) of  500 (nmax) 
     Iteration   32 (n) of  500 (nmax) 
     Iteration   33 (n) of  500 (nmax) 
     Iteration   34 (n) of  500 (nmax) 
     Iteration   35 (n) of  500 (nmax) 
     Iteration   36 (n) of  500 (nmax) 
     Iteration   37 (n) of  500 (nmax) 
     Iteration   38 (n) of  500 (nmax) 
     Iteration   39 (n) of  500 (nmax) 
     Iteration   40 (n) of  500 (nmax) 
     Iteration   41 (n) of  500 (nmax) 
     Iteration   42 (n) of  500 (nmax) 
     Iteration   43 (n) of  500 (nmax) 
     Iteration   44 (n) of  500 (nmax) 
     Iteration   45 (n) of  500 (nmax) 
     Iteration   46 (n) of  500 (nmax) 
     Iteration   47 (n) of  500 (nmax) 
     Iteration   48 (n) of  500 (nmax) 
     Iteration   49 (n) of  500 (nmax) 
     Iteration   50 (n) of  500 (nmax) 
     Iteration   51 (n) of  500 (nmax) 
     Iteration   52 (n) of  500 (nmax) 
     Iteration   53 (n) of  500 (nmax) 
     Iteration   54 (n) of  500 (nmax) 
     Iteration   55 (n) of  500 (nmax) 
     Iteration   56 (n) of  500 (nmax) 
     Iteration   57 (n) of  500 (nmax) 
     Iteration   58 (n) of  500 (nmax) 
     Iteration   59 (n) of  500 (nmax) 
     Iteration   60 (n) of  500 (nmax) 
     Iteration   61 (n) of  500 (nmax) 
     Iteration   62 (n) of  500 (nmax) 
     Iteration   63 (n) of  500 (nmax) 
     Iteration   64 (n) of  500 (nmax) 
     Iteration   65 (n) of  500 (nmax) 
     Iteration   66 (n) of  500 (nmax) 
     Iteration   67 (n) of  500 (nmax) 
     Iteration   68 (n) of  500 (nmax) 
     Iteration   69 (n) of  500 (nmax) 
     Iteration   70 (n) of  500 (nmax) 
     Iteration   71 (n) of  500 (nmax) 
     Iteration   72 (n) of  500 (nmax) 
     Iteration   73 (n) of  500 (nmax) 
     Iteration   74 (n) of  500 (nmax) 
     Iteration   75 (n) of  500 (nmax) 
     Iteration   76 (n) of  500 (nmax) 
     Iteration   77 (n) of  500 (nmax) 
     Iteration   78 (n) of  500 (nmax) 
     Iteration   79 (n) of  500 (nmax) 
     Iteration   80 (n) of  500 (nmax) 
     Iteration   81 (n) of  500 (nmax) 
     Iteration   82 (n) of  500 (nmax) 
     Iteration   83 (n) of  500 (nmax) 
     Iteration   84 (n) of  500 (nmax) 
     Iteration   85 (n) of  500 (nmax) 
     Iteration   86 (n) of  500 (nmax) 
     Iteration   87 (n) of  500 (nmax) 
     Iteration   88 (n) of  500 (nmax) 
     Iteration   89 (n) of  500 (nmax) 
     Iteration   90 (n) of  500 (nmax) 
     Iteration   91 (n) of  500 (nmax) 
     Iteration   92 (n) of  500 (nmax) 
     Iteration   93 (n) of  500 (nmax) 
     Iteration   94 (n) of  500 (nmax) 
     Iteration   95 (n) of  500 (nmax) 
     Iteration   96 (n) of  500 (nmax) 
     Iteration   97 (n) of  500 (nmax) 
     Iteration   98 (n) of  500 (nmax) 
     Iteration   99 (n) of  500 (nmax) 
     Iteration  100 (n) of  500 (nmax) 
     Iteration  101 (n) of  500 (nmax) 
     Iteration  102 (n) of  500 (nmax) 
     Iteration  103 (n) of  500 (nmax) 
     Iteration  104 (n) of  500 (nmax) 
     Iteration  105 (n) of  500 (nmax) 
     Iteration  106 (n) of  500 (nmax) 
     Iteration  107 (n) of  500 (nmax) 
     Iteration  108 (n) of  500 (nmax) 
     Iteration  109 (n) of  500 (nmax) 
     Iteration  110 (n) of  500 (nmax) 
     Iteration  111 (n) of  500 (nmax) 
     Iteration  112 (n) of  500 (nmax) 
     Iteration  113 (n) of  500 (nmax) 
     Iteration  114 (n) of  500 (nmax) 
     Iteration  115 (n) of  500 (nmax) 
     Iteration  116 (n) of  500 (nmax) 
     Iteration  117 (n) of  500 (nmax) 
     Iteration  118 (n) of  500 (nmax) 
     Iteration  119 (n) of  500 (nmax) 
     Iteration  120 (n) of  500 (nmax) 
     Iteration  121 (n) of  500 (nmax) 
     Iteration  122 (n) of  500 (nmax) 
     Iteration  123 (n) of  500 (nmax) 
     Iteration  124 (n) of  500 (nmax) 
     Iteration  125 (n) of  500 (nmax) 
     Iteration  126 (n) of  500 (nmax) 
     Iteration  127 (n) of  500 (nmax) 
     Iteration  128 (n) of  500 (nmax) 
     Iteration  129 (n) of  500 (nmax) 
     Iteration  130 (n) of  500 (nmax) 
     Iteration  131 (n) of  500 (nmax) 
     Iteration  132 (n) of  500 (nmax) 
     Iteration  133 (n) of  500 (nmax) 
     Iteration  134 (n) of  500 (nmax) 
     Iteration  135 (n) of  500 (nmax) 
     Iteration  136 (n) of  500 (nmax) 
     Iteration  137 (n) of  500 (nmax) 
     Iteration  138 (n) of  500 (nmax) 
     Iteration  139 (n) of  500 (nmax) 
     Iteration  140 (n) of  500 (nmax) 
     Iteration  141 (n) of  500 (nmax) 
     Iteration  142 (n) of  500 (nmax) 
     Iteration  143 (n) of  500 (nmax) 
     Iteration  144 (n) of  500 (nmax) 
     Iteration  145 (n) of  500 (nmax) 
     Iteration  146 (n) of  500 (nmax) 
     Iteration  147 (n) of  500 (nmax) 
     Iteration  148 (n) of  500 (nmax) 
     Iteration  149 (n) of  500 (nmax) 
     Iteration  150 (n) of  500 (nmax) 
     Iteration  151 (n) of  500 (nmax) 
     Iteration  152 (n) of  500 (nmax) 
     Iteration  153 (n) of  500 (nmax) 
     Iteration  154 (n) of  500 (nmax) 
     Iteration  155 (n) of  500 (nmax) 
     Iteration  156 (n) of  500 (nmax) 
     Iteration  157 (n) of  500 (nmax) 
     Iteration  158 (n) of  500 (nmax) 
     Iteration  159 (n) of  500 (nmax) 
     Iteration  160 (n) of  500 (nmax) 
     Iteration  161 (n) of  500 (nmax) 
     Iteration  162 (n) of  500 (nmax) 
     Iteration  163 (n) of  500 (nmax) 
     Iteration  164 (n) of  500 (nmax) 
     Iteration  165 (n) of  500 (nmax) 
     Iteration  166 (n) of  500 (nmax) 
     Iteration  167 (n) of  500 (nmax) 
     Iteration  168 (n) of  500 (nmax) 
     Iteration  169 (n) of  500 (nmax) 
     Iteration  170 (n) of  500 (nmax) 
     Iteration  171 (n) of  500 (nmax) 
     Iteration  172 (n) of  500 (nmax) 
     Iteration  173 (n) of  500 (nmax) 
     Iteration  174 (n) of  500 (nmax) 
     Iteration  175 (n) of  500 (nmax) 
     Iteration  176 (n) of  500 (nmax) 
     Iteration  177 (n) of  500 (nmax) 
     Iteration  178 (n) of  500 (nmax) 
     Iteration  179 (n) of  500 (nmax) 
     Iteration  180 (n) of  500 (nmax) 
     Iteration  181 (n) of  500 (nmax) 
     Iteration  182 (n) of  500 (nmax) 
     Iteration  183 (n) of  500 (nmax) 
     Iteration  184 (n) of  500 (nmax) 
     Iteration  185 (n) of  500 (nmax) 
     Iteration  186 (n) of  500 (nmax) 
     Iteration  187 (n) of  500 (nmax) 
     Iteration  188 (n) of  500 (nmax) 
     Iteration  189 (n) of  500 (nmax) 
     Iteration  190 (n) of  500 (nmax) 
     Iteration  191 (n) of  500 (nmax) 
     Iteration  192 (n) of  500 (nmax) 
     Iteration  193 (n) of  500 (nmax) 
     Iteration  194 (n) of  500 (nmax) 
     Iteration  195 (n) of  500 (nmax) 
     Iteration  196 (n) of  500 (nmax) 
     Iteration  197 (n) of  500 (nmax) 
     Iteration  198 (n) of  500 (nmax) 
     Iteration  199 (n) of  500 (nmax) 
     Iteration  200 (n) of  500 (nmax) 
     Iteration  201 (n) of  500 (nmax) 
     Iteration  202 (n) of  500 (nmax) 
     Iteration  203 (n) of  500 (nmax) 
     Iteration  204 (n) of  500 (nmax) 
     Iteration  205 (n) of  500 (nmax) 
     Iteration  206 (n) of  500 (nmax) 
     Iteration  207 (n) of  500 (nmax) 
     Iteration  208 (n) of  500 (nmax) 
     Iteration  209 (n) of  500 (nmax) 
     Iteration  210 (n) of  500 (nmax) 
     Iteration  211 (n) of  500 (nmax) 
     Iteration  212 (n) of  500 (nmax) 
     Iteration  213 (n) of  500 (nmax) 
     Iteration  214 (n) of  500 (nmax) 
     Iteration  215 (n) of  500 (nmax) 
     Iteration  216 (n) of  500 (nmax) 
     Iteration  217 (n) of  500 (nmax) 
     Iteration  218 (n) of  500 (nmax) 
     Iteration  219 (n) of  500 (nmax) 
     Iteration  220 (n) of  500 (nmax) 
     Iteration  221 (n) of  500 (nmax) 
     Iteration  222 (n) of  500 (nmax) 
     Iteration  223 (n) of  500 (nmax) 
     Iteration  224 (n) of  500 (nmax) 
     Iteration  225 (n) of  500 (nmax) 
     Iteration  226 (n) of  500 (nmax) 
     Iteration  227 (n) of  500 (nmax) 
     Iteration  228 (n) of  500 (nmax) 
     Iteration  229 (n) of  500 (nmax) 
     Iteration  230 (n) of  500 (nmax) 
     Iteration  231 (n) of  500 (nmax) 
     Iteration  232 (n) of  500 (nmax) 
     Iteration  233 (n) of  500 (nmax) 
     Iteration  234 (n) of  500 (nmax) 
     Iteration  235 (n) of  500 (nmax) 
     Iteration  236 (n) of  500 (nmax) 
     Iteration  237 (n) of  500 (nmax) 
     Iteration  238 (n) of  500 (nmax) 
     Iteration  239 (n) of  500 (nmax) 
     Iteration  240 (n) of  500 (nmax) 
     Iteration  241 (n) of  500 (nmax) 
     Iteration  242 (n) of  500 (nmax) 
     Iteration  243 (n) of  500 (nmax) 
     Iteration  244 (n) of  500 (nmax) 
     Iteration  245 (n) of  500 (nmax) 
     Iteration  246 (n) of  500 (nmax) 
     Iteration  247 (n) of  500 (nmax) 
     Iteration  248 (n) of  500 (nmax) 
     Iteration  249 (n) of  500 (nmax) 
     Iteration  250 (n) of  500 (nmax) 
     Iteration  251 (n) of  500 (nmax) 
     Iteration  252 (n) of  500 (nmax) 
     Iteration  253 (n) of  500 (nmax) 
     Iteration  254 (n) of  500 (nmax) 
     Iteration  255 (n) of  500 (nmax) 
     Iteration  256 (n) of  500 (nmax) 
     Iteration  257 (n) of  500 (nmax) 
     Iteration  258 (n) of  500 (nmax) 
     Iteration  259 (n) of  500 (nmax) 
     Iteration  260 (n) of  500 (nmax) 
     Iteration  261 (n) of  500 (nmax) 
     Iteration  262 (n) of  500 (nmax) 
     Iteration  263 (n) of  500 (nmax) 
     Iteration  264 (n) of  500 (nmax) 
     Iteration  265 (n) of  500 (nmax) 
     Iteration  266 (n) of  500 (nmax) 
     Iteration  267 (n) of  500 (nmax) 
     Iteration  268 (n) of  500 (nmax) 
     Iteration  269 (n) of  500 (nmax) 
     Iteration  270 (n) of  500 (nmax) 
     Iteration  271 (n) of  500 (nmax) 
     Iteration  272 (n) of  500 (nmax) 
     Iteration  273 (n) of  500 (nmax) 
     Iteration  274 (n) of  500 (nmax) 
     Iteration  275 (n) of  500 (nmax) 
     Iteration  276 (n) of  500 (nmax) 
     Iteration  277 (n) of  500 (nmax) 
     Iteration  278 (n) of  500 (nmax) 
     Iteration  279 (n) of  500 (nmax) 
     Iteration  280 (n) of  500 (nmax) 
     Iteration  281 (n) of  500 (nmax) 
     Iteration  282 (n) of  500 (nmax) 
     Iteration  283 (n) of  500 (nmax) 
     Iteration  284 (n) of  500 (nmax) 
     Iteration  285 (n) of  500 (nmax) 
     Iteration  286 (n) of  500 (nmax) 
     Iteration  287 (n) of  500 (nmax) 
     Iteration  288 (n) of  500 (nmax) 
     Iteration  289 (n) of  500 (nmax) 
     Iteration  290 (n) of  500 (nmax) 
     Iteration  291 (n) of  500 (nmax) 
     Iteration  292 (n) of  500 (nmax) 
     Iteration  293 (n) of  500 (nmax) 
     Iteration  294 (n) of  500 (nmax) 
     Iteration  295 (n) of  500 (nmax) 
     Iteration  296 (n) of  500 (nmax) 
     Iteration  297 (n) of  500 (nmax) 
     Iteration  298 (n) of  500 (nmax) 
     Iteration  299 (n) of  500 (nmax) 
     Iteration  300 (n) of  500 (nmax) 
     Iteration  301 (n) of  500 (nmax) 
     Iteration  302 (n) of  500 (nmax) 
     Iteration  303 (n) of  500 (nmax) 
     Iteration  304 (n) of  500 (nmax) 
     Iteration  305 (n) of  500 (nmax) 
     Iteration  306 (n) of  500 (nmax) 
     Iteration  307 (n) of  500 (nmax) 
     Iteration  308 (n) of  500 (nmax) 
     Iteration  309 (n) of  500 (nmax) 
     Iteration  310 (n) of  500 (nmax) 
     Iteration  311 (n) of  500 (nmax) 
     Iteration  312 (n) of  500 (nmax) 
     Iteration  313 (n) of  500 (nmax) 
     Iteration  314 (n) of  500 (nmax) 
     Iteration  315 (n) of  500 (nmax) 
     Iteration  316 (n) of  500 (nmax) 
     Iteration  317 (n) of  500 (nmax) 
     Iteration  318 (n) of  500 (nmax) 
     Iteration  319 (n) of  500 (nmax) 
     Iteration  320 (n) of  500 (nmax) 
     Iteration  321 (n) of  500 (nmax) 
     Iteration  322 (n) of  500 (nmax) 
     Iteration  323 (n) of  500 (nmax) 
     Iteration  324 (n) of  500 (nmax) 
     Iteration  325 (n) of  500 (nmax) 
     Iteration  326 (n) of  500 (nmax) 
     Iteration  327 (n) of  500 (nmax) 
     Iteration  328 (n) of  500 (nmax) 
     Iteration  329 (n) of  500 (nmax) 
     Iteration  330 (n) of  500 (nmax) 
     Iteration  331 (n) of  500 (nmax) 
     Iteration  332 (n) of  500 (nmax) 
     Iteration  333 (n) of  500 (nmax) 
     Iteration  334 (n) of  500 (nmax) 
     Iteration  335 (n) of  500 (nmax) 
     Iteration  336 (n) of  500 (nmax) 
     Iteration  337 (n) of  500 (nmax) 
     Iteration  338 (n) of  500 (nmax) 
     Iteration  339 (n) of  500 (nmax) 
     Iteration  340 (n) of  500 (nmax) 
     Iteration  341 (n) of  500 (nmax) 
     Iteration  342 (n) of  500 (nmax) 
     Iteration  343 (n) of  500 (nmax) 
     Iteration  344 (n) of  500 (nmax) 
     Iteration  345 (n) of  500 (nmax) 
     Iteration  346 (n) of  500 (nmax) 
     Iteration  347 (n) of  500 (nmax) 
     Iteration  348 (n) of  500 (nmax) 
     Iteration  349 (n) of  500 (nmax) 
     Iteration  350 (n) of  500 (nmax) 
     Iteration  351 (n) of  500 (nmax) 
     Iteration  352 (n) of  500 (nmax) 
     Iteration  353 (n) of  500 (nmax) 
     Iteration  354 (n) of  500 (nmax) 
     Iteration  355 (n) of  500 (nmax) 
     Iteration  356 (n) of  500 (nmax) 
     Iteration  357 (n) of  500 (nmax) 
     Iteration  358 (n) of  500 (nmax) 
     Iteration  359 (n) of  500 (nmax) 
     Iteration  360 (n) of  500 (nmax) 
     Iteration  361 (n) of  500 (nmax) 
     Iteration  362 (n) of  500 (nmax) 
     Iteration  363 (n) of  500 (nmax) 
     Iteration  364 (n) of  500 (nmax) 
     Iteration  365 (n) of  500 (nmax) 
     Iteration  366 (n) of  500 (nmax) 
     Iteration  367 (n) of  500 (nmax) 
     Iteration  368 (n) of  500 (nmax) 
     Iteration  369 (n) of  500 (nmax) 
     Iteration  370 (n) of  500 (nmax) 
     Iteration  371 (n) of  500 (nmax) 
     Iteration  372 (n) of  500 (nmax) 
     Iteration  373 (n) of  500 (nmax) 
     Iteration  374 (n) of  500 (nmax) 
     Iteration  375 (n) of  500 (nmax) 
     Iteration  376 (n) of  500 (nmax) 
     Iteration  377 (n) of  500 (nmax) 
     Iteration  378 (n) of  500 (nmax) 
     Iteration  379 (n) of  500 (nmax) 
     Iteration  380 (n) of  500 (nmax) 
     Iteration  381 (n) of  500 (nmax) 
     Iteration  382 (n) of  500 (nmax) 
     Iteration  383 (n) of  500 (nmax) 
     Iteration  384 (n) of  500 (nmax) 
     Iteration  385 (n) of  500 (nmax) 
     Iteration  386 (n) of  500 (nmax) 
     Iteration  387 (n) of  500 (nmax) 
     Iteration  388 (n) of  500 (nmax) 
     Iteration  389 (n) of  500 (nmax) 
     Iteration  390 (n) of  500 (nmax) 
   /var/spool/slurmd.spool/job886156/slurm_script: line 27:  7740 Segmentation fault      /users/40173800/openclFDTD/bin/yee2d.x x=${DIM} y=${DIM} STD 2>&1

real	7m32.153s
user	7m5.512s
sys	0m9.251s
  
----------------------------------------------------------
  
   Running case for DIM = 4250 
  

libgomp: Invalid value for environment variable OMP_NUM_THREADS


      2D FDTD program 
      ---------------   

     4250 Set For the X Region
     4250 Set For the Y Region
Standard Mode Enabled


     Allocating CPU memory for ex, ey and hz fields



     Allocating CPU memory for exbcf, eybcf and hzxbcf and hzybcf fields (front PML region)



     Allocating CPU memory for exbcb, eybcb and hzxbcb and hzybcb fields (back PML region)



     Allocating CPU memory for exbcl, eybcl and hzxbcl and hzybcl fields (left PML region)



     Allocating CPU memory for exbcr, eybcr and hzxbcr and hzybcr fields (right PML region)



     CPU RAM has been allocated for all field components

     Total CPU memory allocation now: 438372144 bytes
     Updates will be performed using:  CPU sequentially 


     Iteration    0 (n) of  500 (nmax) 
     Iteration    1 (n) of  500 (nmax) 
     Iteration    2 (n) of  500 (nmax) 
     Iteration    3 (n) of  500 (nmax) 
     Iteration    4 (n) of  500 (nmax) 
     Iteration    5 (n) of  500 (nmax) 
     Iteration    6 (n) of  500 (nmax) 
     Iteration    7 (n) of  500 (nmax) 
     Iteration    8 (n) of  500 (nmax) 
     Iteration    9 (n) of  500 (nmax) 
     Iteration   10 (n) of  500 (nmax) 
     Iteration   11 (n) of  500 (nmax) 
     Iteration   12 (n) of  500 (nmax) 
     Iteration   13 (n) of  500 (nmax) 
     Iteration   14 (n) of  500 (nmax) 
     Iteration   15 (n) of  500 (nmax) 
     Iteration   16 (n) of  500 (nmax) 
     Iteration   17 (n) of  500 (nmax) 
     Iteration   18 (n) of  500 (nmax) 
     Iteration   19 (n) of  500 (nmax) 
     Iteration   20 (n) of  500 (nmax) 
     Iteration   21 (n) of  500 (nmax) 
     Iteration   22 (n) of  500 (nmax) 
     Iteration   23 (n) of  500 (nmax) 
     Iteration   24 (n) of  500 (nmax) 
     Iteration   25 (n) of  500 (nmax) 
     Iteration   26 (n) of  500 (nmax) 
     Iteration   27 (n) of  500 (nmax) 
     Iteration   28 (n) of  500 (nmax) 
     Iteration   29 (n) of  500 (nmax) 
     Iteration   30 (n) of  500 (nmax) 
     Iteration   31 (n) of  500 (nmax) 
     Iteration   32 (n) of  500 (nmax) 
     Iteration   33 (n) of  500 (nmax) 
     Iteration   34 (n) of  500 (nmax) 
     Iteration   35 (n) of  500 (nmax) 
     Iteration   36 (n) of  500 (nmax) 
     Iteration   37 (n) of  500 (nmax) 
     Iteration   38 (n) of  500 (nmax) 
     Iteration   39 (n) of  500 (nmax) 
     Iteration   40 (n) of  500 (nmax) 
     Iteration   41 (n) of  500 (nmax) 
     Iteration   42 (n) of  500 (nmax) 
     Iteration   43 (n) of  500 (nmax) 
     Iteration   44 (n) of  500 (nmax) 
     Iteration   45 (n) of  500 (nmax) 
     Iteration   46 (n) of  500 (nmax) 
     Iteration   47 (n) of  500 (nmax) 
     Iteration   48 (n) of  500 (nmax) 
     Iteration   49 (n) of  500 (nmax) 
     Iteration   50 (n) of  500 (nmax) 
     Iteration   51 (n) of  500 (nmax) 
     Iteration   52 (n) of  500 (nmax) 
     Iteration   53 (n) of  500 (nmax) 
     Iteration   54 (n) of  500 (nmax) 
     Iteration   55 (n) of  500 (nmax) 
     Iteration   56 (n) of  500 (nmax) 
     Iteration   57 (n) of  500 (nmax) 
     Iteration   58 (n) of  500 (nmax) 
     Iteration   59 (n) of  500 (nmax) 
     Iteration   60 (n) of  500 (nmax) 
     Iteration   61 (n) of  500 (nmax) 
     Iteration   62 (n) of  500 (nmax) 
     Iteration   63 (n) of  500 (nmax) 
     Iteration   64 (n) of  500 (nmax) 
     Iteration   65 (n) of  500 (nmax) 
     Iteration   66 (n) of  500 (nmax) 
     Iteration   67 (n) of  500 (nmax) 
     Iteration   68 (n) of  500 (nmax) 
     Iteration   69 (n) of  500 (nmax) 
     Iteration   70 (n) of  500 (nmax) 
     Iteration   71 (n) of  500 (nmax) 
     Iteration   72 (n) of  500 (nmax) 
     Iteration   73 (n) of  500 (nmax) 
     Iteration   74 (n) of  500 (nmax) 
     Iteration   75 (n) of  500 (nmax) 
     Iteration   76 (n) of  500 (nmax) 
     Iteration   77 (n) of  500 (nmax) 
     Iteration   78 (n) of  500 (nmax) 
     Iteration   79 (n) of  500 (nmax) 
     Iteration   80 (n) of  500 (nmax) 
     Iteration   81 (n) of  500 (nmax) 
     Iteration   82 (n) of  500 (nmax) 
     Iteration   83 (n) of  500 (nmax) 
     Iteration   84 (n) of  500 (nmax) 
     Iteration   85 (n) of  500 (nmax) 
     Iteration   86 (n) of  500 (nmax) 
     Iteration   87 (n) of  500 (nmax) 
     Iteration   88 (n) of  500 (nmax) 
     Iteration   89 (n) of  500 (nmax) 
     Iteration   90 (n) of  500 (nmax) 
     Iteration   91 (n) of  500 (nmax) 
     Iteration   92 (n) of  500 (nmax) 
     Iteration   93 (n) of  500 (nmax) 
     Iteration   94 (n) of  500 (nmax) 
     Iteration   95 (n) of  500 (nmax) 
     Iteration   96 (n) of  500 (nmax) 
     Iteration   97 (n) of  500 (nmax) 
     Iteration   98 (n) of  500 (nmax) 
     Iteration   99 (n) of  500 (nmax) 
     Iteration  100 (n) of  500 (nmax) 
     Iteration  101 (n) of  500 (nmax) 
     Iteration  102 (n) of  500 (nmax) 
     Iteration  103 (n) of  500 (nmax) 
     Iteration  104 (n) of  500 (nmax) 
     Iteration  105 (n) of  500 (nmax) 
     Iteration  106 (n) of  500 (nmax) 
     Iteration  107 (n) of  500 (nmax) 
     Iteration  108 (n) of  500 (nmax) 
     Iteration  109 (n) of  500 (nmax) 
     Iteration  110 (n) of  500 (nmax) 
     Iteration  111 (n) of  500 (nmax) 
     Iteration  112 (n) of  500 (nmax) 
     Iteration  113 (n) of  500 (nmax) 
     Iteration  114 (n) of  500 (nmax) 
     Iteration  115 (n) of  500 (nmax) 
     Iteration  116 (n) of  500 (nmax) 
     Iteration  117 (n) of  500 (nmax) 
     Iteration  118 (n) of  500 (nmax) 
     Iteration  119 (n) of  500 (nmax) 
     Iteration  120 (n) of  500 (nmax) 
     Iteration  121 (n) of  500 (nmax) 
     Iteration  122 (n) of  500 (nmax) 
     Iteration  123 (n) of  500 (nmax) 
     Iteration  124 (n) of  500 (nmax) 
     Iteration  125 (n) of  500 (nmax) 
     Iteration  126 (n) of  500 (nmax) 
     Iteration  127 (n) of  500 (nmax) 
     Iteration  128 (n) of  500 (nmax) 
     Iteration  129 (n) of  500 (nmax) 
     Iteration  130 (n) of  500 (nmax) 
     Iteration  131 (n) of  500 (nmax) 
     Iteration  132 (n) of  500 (nmax) 
     Iteration  133 (n) of  500 (nmax) 
     Iteration  134 (n) of  500 (nmax) 
     Iteration  135 (n) of  500 (nmax) 
     Iteration  136 (n) of  500 (nmax) 
     Iteration  137 (n) of  500 (nmax) 
     Iteration  138 (n) of  500 (nmax) 
     Iteration  139 (n) of  500 (nmax) 
     Iteration  140 (n) of  500 (nmax) 
     Iteration  141 (n) of  500 (nmax) 
     Iteration  142 (n) of  500 (nmax) 
     Iteration  143 (n) of  500 (nmax) 
     Iteration  144 (n) of  500 (nmax) 
     Iteration  145 (n) of  500 (nmax) 
     Iteration  146 (n) of  500 (nmax) 
     Iteration  147 (n) of  500 (nmax) 
     Iteration  148 (n) of  500 (nmax) 
     Iteration  149 (n) of  500 (nmax) 
     Iteration  150 (n) of  500 (nmax) 
     Iteration  151 (n) of  500 (nmax) 
     Iteration  152 (n) of  500 (nmax) 
     Iteration  153 (n) of  500 (nmax) 
     Iteration  154 (n) of  500 (nmax) 
     Iteration  155 (n) of  500 (nmax) 
     Iteration  156 (n) of  500 (nmax) 
     Iteration  157 (n) of  500 (nmax) 
     Iteration  158 (n) of  500 (nmax) 
     Iteration  159 (n) of  500 (nmax) 
     Iteration  160 (n) of  500 (nmax) 
     Iteration  161 (n) of  500 (nmax) 
     Iteration  162 (n) of  500 (nmax) 
     Iteration  163 (n) of  500 (nmax) 
     Iteration  164 (n) of  500 (nmax) 
     Iteration  165 (n) of  500 (nmax) 
     Iteration  166 (n) of  500 (nmax) 
     Iteration  167 (n) of  500 (nmax) 
     Iteration  168 (n) of  500 (nmax) 
     Iteration  169 (n) of  500 (nmax) 
     Iteration  170 (n) of  500 (nmax) 
     Iteration  171 (n) of  500 (nmax) 
     Iteration  172 (n) of  500 (nmax) 
     Iteration  173 (n) of  500 (nmax) 
     Iteration  174 (n) of  500 (nmax) 
     Iteration  175 (n) of  500 (nmax) 
     Iteration  176 (n) of  500 (nmax) 
     Iteration  177 (n) of  500 (nmax) 
     Iteration  178 (n) of  500 (nmax) 
     Iteration  179 (n) of  500 (nmax) 
     Iteration  180 (n) of  500 (nmax) 
     Iteration  181 (n) of  500 (nmax) 
     Iteration  182 (n) of  500 (nmax) 
     Iteration  183 (n) of  500 (nmax) 
     Iteration  184 (n) of  500 (nmax) 
     Iteration  185 (n) of  500 (nmax) 
     Iteration  186 (n) of  500 (nmax) 
     Iteration  187 (n) of  500 (nmax) 
     Iteration  188 (n) of  500 (nmax) 
     Iteration  189 (n) of  500 (nmax) 
     Iteration  190 (n) of  500 (nmax) 
     Iteration  191 (n) of  500 (nmax) 
     Iteration  192 (n) of  500 (nmax) 
     Iteration  193 (n) of  500 (nmax) 
     Iteration  194 (n) of  500 (nmax) 
     Iteration  195 (n) of  500 (nmax) 
     Iteration  196 (n) of  500 (nmax) 
     Iteration  197 (n) of  500 (nmax) 
     Iteration  198 (n) of  500 (nmax) 
     Iteration  199 (n) of  500 (nmax) 
     Iteration  200 (n) of  500 (nmax) 
     Iteration  201 (n) of  500 (nmax) 
     Iteration  202 (n) of  500 (nmax) 
     Iteration  203 (n) of  500 (nmax) 
     Iteration  204 (n) of  500 (nmax) 
     Iteration  205 (n) of  500 (nmax) 
     Iteration  206 (n) of  500 (nmax) 
     Iteration  207 (n) of  500 (nmax) 
     Iteration  208 (n) of  500 (nmax) 
     Iteration  209 (n) of  500 (nmax) 
     Iteration  210 (n) of  500 (nmax) 
     Iteration  211 (n) of  500 (nmax) 
     Iteration  212 (n) of  500 (nmax) 
     Iteration  213 (n) of  500 (nmax) 
     Iteration  214 (n) of  500 (nmax) 
     Iteration  215 (n) of  500 (nmax) 
     Iteration  216 (n) of  500 (nmax) 
     Iteration  217 (n) of  500 (nmax) 
     Iteration  218 (n) of  500 (nmax) 
     Iteration  219 (n) of  500 (nmax) 
     Iteration  220 (n) of  500 (nmax) 
     Iteration  221 (n) of  500 (nmax) 
     Iteration  222 (n) of  500 (nmax) 
     Iteration  223 (n) of  500 (nmax) 
     Iteration  224 (n) of  500 (nmax) 
     Iteration  225 (n) of  500 (nmax) 
     Iteration  226 (n) of  500 (nmax) 
     Iteration  227 (n) of  500 (nmax) 
     Iteration  228 (n) of  500 (nmax) 
     Iteration  229 (n) of  500 (nmax) 
     Iteration  230 (n) of  500 (nmax) 
     Iteration  231 (n) of  500 (nmax) 
     Iteration  232 (n) of  500 (nmax) 
     Iteration  233 (n) of  500 (nmax) 
     Iteration  234 (n) of  500 (nmax) 
     Iteration  235 (n) of  500 (nmax) 
     Iteration  236 (n) of  500 (nmax) 
     Iteration  237 (n) of  500 (nmax) 
     Iteration  238 (n) of  500 (nmax) 
     Iteration  239 (n) of  500 (nmax) 
     Iteration  240 (n) of  500 (nmax) 
     Iteration  241 (n) of  500 (nmax) 
     Iteration  242 (n) of  500 (nmax) 
     Iteration  243 (n) of  500 (nmax) 
     Iteration  244 (n) of  500 (nmax) 
     Iteration  245 (n) of  500 (nmax) 
     Iteration  246 (n) of  500 (nmax) 
     Iteration  247 (n) of  500 (nmax) 
     Iteration  248 (n) of  500 (nmax) 
     Iteration  249 (n) of  500 (nmax) 
     Iteration  250 (n) of  500 (nmax) 
     Iteration  251 (n) of  500 (nmax) 
     Iteration  252 (n) of  500 (nmax) 
     Iteration  253 (n) of  500 (nmax) 
     Iteration  254 (n) of  500 (nmax) 
     Iteration  255 (n) of  500 (nmax) 
     Iteration  256 (n) of  500 (nmax) 
     Iteration  257 (n) of  500 (nmax) 
     Iteration  258 (n) of  500 (nmax) 
     Iteration  259 (n) of  500 (nmax) 
     Iteration  260 (n) of  500 (nmax) 
     Iteration  261 (n) of  500 (nmax) 
     Iteration  262 (n) of  500 (nmax) 
     Iteration  263 (n) of  500 (nmax) 
     Iteration  264 (n) of  500 (nmax) 
     Iteration  265 (n) of  500 (nmax) 
     Iteration  266 (n) of  500 (nmax) 
     Iteration  267 (n) of  500 (nmax) 
     Iteration  268 (n) of  500 (nmax) 
     Iteration  269 (n) of  500 (nmax) 
     Iteration  270 (n) of  500 (nmax) 
     Iteration  271 (n) of  500 (nmax) 
     Iteration  272 (n) of  500 (nmax) 
     Iteration  273 (n) of  500 (nmax) 
     Iteration  274 (n) of  500 (nmax) 
     Iteration  275 (n) of  500 (nmax) 
     Iteration  276 (n) of  500 (nmax) 
     Iteration  277 (n) of  500 (nmax) 
     Iteration  278 (n) of  500 (nmax) 
     Iteration  279 (n) of  500 (nmax) 
     Iteration  280 (n) of  500 (nmax) 
     Iteration  281 (n) of  500 (nmax) 
     Iteration  282 (n) of  500 (nmax) 
     Iteration  283 (n) of  500 (nmax) 
     Iteration  284 (n) of  500 (nmax) 
     Iteration  285 (n) of  500 (nmax) 
     Iteration  286 (n) of  500 (nmax) 
     Iteration  287 (n) of  500 (nmax) 
     Iteration  288 (n) of  500 (nmax) 
     Iteration  289 (n) of  500 (nmax) 
     Iteration  290 (n) of  500 (nmax) 
     Iteration  291 (n) of  500 (nmax) 
     Iteration  292 (n) of  500 (nmax) 
     Iteration  293 (n) of  500 (nmax) 
     Iteration  294 (n) of  500 (nmax) 
     Iteration  295 (n) of  500 (nmax) 
     Iteration  296 (n) of  500 (nmax) 
     Iteration  297 (n) of  500 (nmax) 
     Iteration  298 (n) of  500 (nmax) 
     Iteration  299 (n) of  500 (nmax) 
     Iteration  300 (n) of  500 (nmax) 
     Iteration  301 (n) of  500 (nmax) 
     Iteration  302 (n) of  500 (nmax) 
     Iteration  303 (n) of  500 (nmax) 
     Iteration  304 (n) of  500 (nmax) 
     Iteration  305 (n) of  500 (nmax) 
     Iteration  306 (n) of  500 (nmax) 
     Iteration  307 (n) of  500 (nmax) 
     Iteration  308 (n) of  500 (nmax) 
     Iteration  309 (n) of  500 (nmax) 
     Iteration  310 (n) of  500 (nmax) 
     Iteration  311 (n) of  500 (nmax) 
     Iteration  312 (n) of  500 (nmax) 
     Iteration  313 (n) of  500 (nmax) 
     Iteration  314 (n) of  500 (nmax) 
     Iteration  315 (n) of  500 (nmax) 
     Iteration  316 (n) of  500 (nmax) 
     Iteration  317 (n) of  500 (nmax) 
     Iteration  318 (n) of  500 (nmax) 
     Iteration  319 (n) of  500 (nmax) 
     Iteration  320 (n) of  500 (nmax) 
     Iteration  321 (n) of  500 (nmax) 
     Iteration  322 (n) of  500 (nmax) 
     Iteration  323 (n) of  500 (nmax) 
     Iteration  324 (n) of  500 (nmax) 
     Iteration  325 (n) of  500 (nmax) 
     Iteration  326 (n) of  500 (nmax) 
     Iteration  327 (n) of  500 (nmax) 
     Iteration  328 (n) of  500 (nmax) 
     Iteration  329 (n) of  500 (nmax) 
     Iteration  330 (n) of  500 (nmax) 
     Iteration  331 (n) of  500 (nmax) 
     Iteration  332 (n) of  500 (nmax) 
     Iteration  333 (n) of  500 (nmax) 
     Iteration  334 (n) of  500 (nmax) 
     Iteration  335 (n) of  500 (nmax) 
     Iteration  336 (n) of  500 (nmax) 
     Iteration  337 (n) of  500 (nmax) 
     Iteration  338 (n) of  500 (nmax) 
     Iteration  339 (n) of  500 (nmax) 
     Iteration  340 (n) of  500 (nmax) 
     Iteration  341 (n) of  500 (nmax) 
     Iteration  342 (n) of  500 (nmax) 
     Iteration  343 (n) of  500 (nmax) 
     Iteration  344 (n) of  500 (nmax) 
     Iteration  345 (n) of  500 (nmax) 
     Iteration  346 (n) of  500 (nmax) 
     Iteration  347 (n) of  500 (nmax) 
     Iteration  348 (n) of  500 (nmax) 
     Iteration  349 (n) of  500 (nmax) 
     Iteration  350 (n) of  500 (nmax) 
     Iteration  351 (n) of  500 (nmax) 
     Iteration  352 (n) of  500 (nmax) 
     Iteration  353 (n) of  500 (nmax) 
     Iteration  354 (n) of  500 (nmax) 
     Iteration  355 (n) of  500 (nmax) 
     Iteration  356 (n) of  500 (nmax) 
     Iteration  357 (n) of  500 (nmax) 
     Iteration  358 (n) of  500 (nmax) 
     Iteration  359 (n) of  500 (nmax) 
     Iteration  360 (n) of  500 (nmax) 
     Iteration  361 (n) of  500 (nmax) 
     Iteration  362 (n) of  500 (nmax) 
     Iteration  363 (n) of  500 (nmax) 
     Iteration  364 (n) of  500 (nmax) 
     Iteration  365 (n) of  500 (nmax) 
     Iteration  366 (n) of  500 (nmax) 
     Iteration  367 (n) of  500 (nmax) 
     Iteration  368 (n) of  500 (nmax) 
     Iteration  369 (n) of  500 (nmax) 
     Iteration  370 (n) of  500 (nmax) 
     Iteration  371 (n) of  500 (nmax) 
     Iteration  372 (n) of  500 (nmax) 
     Iteration  373 (n) of  500 (nmax) 
     Iteration  374 (n) of  500 (nmax) 
     Iteration  375 (n) of  500 (nmax) 
     Iteration  376 (n) of  500 (nmax) 
     Iteration  377 (n) of  500 (nmax) 
     Iteration  378 (n) of  500 (nmax) 
     Iteration  379 (n) of  500 (nmax) 
     Iteration  380 (n) of  500 (nmax) 
     Iteration  381 (n) of  500 (nmax) 
     Iteration  382 (n) of  500 (nmax) 
     Iteration  383 (n) of  500 (nmax) 
     Iteration  384 (n) of  500 (nmax) 
     Iteration  385 (n) of  500 (nmax) 
     Iteration  386 (n) of  500 (nmax) 
     Iteration  387 (n) of  500 (nmax) 
     Iteration  388 (n) of  500 (nmax) 
     Iteration  389 (n) of  500 (nmax) 
     Iteration  390 (n) of  500 (nmax) 
   /var/spool/slurmd.spool/job886156/slurm_script: line 27:  8435 Segmentation fault      /users/40173800/openclFDTD/bin/yee2d.x x=${DIM} y=${DIM} STD 2>&1

real	7m7.073s
user	6m42.647s
sys	0m8.848s
  
----------------------------------------------------------
  
   Running case for DIM = 4500 
  

libgomp: Invalid value for environment variable OMP_NUM_THREADS


      2D FDTD program 
      ---------------   

     4500 Set For the X Region
     4500 Set For the Y Region
Standard Mode Enabled


     Allocating CPU memory for ex, ey and hz fields



     Allocating CPU memory for exbcf, eybcf and hzxbcf and hzybcf fields (front PML region)



     Allocating CPU memory for exbcb, eybcb and hzxbcb and hzybcb fields (back PML region)



     Allocating CPU memory for exbcl, eybcl and hzxbcl and hzybcl fields (left PML region)



     Allocating CPU memory for exbcr, eybcr and hzxbcr and hzybcr fields (right PML region)



     CPU RAM has been allocated for all field components

     Total CPU memory allocation now: 491158144 bytes
     Updates will be performed using:  CPU sequentially 


     Iteration    0 (n) of  500 (nmax) 
     Iteration    1 (n) of  500 (nmax) 
     Iteration    2 (n) of  500 (nmax) 
     Iteration    3 (n) of  500 (nmax) 
     Iteration    4 (n) of  500 (nmax) 
     Iteration    5 (n) of  500 (nmax) 
     Iteration    6 (n) of  500 (nmax) 
     Iteration    7 (n) of  500 (nmax) 
     Iteration    8 (n) of  500 (nmax) 
     Iteration    9 (n) of  500 (nmax) 
     Iteration   10 (n) of  500 (nmax) 
     Iteration   11 (n) of  500 (nmax) 
     Iteration   12 (n) of  500 (nmax) 
     Iteration   13 (n) of  500 (nmax) 
     Iteration   14 (n) of  500 (nmax) 
     Iteration   15 (n) of  500 (nmax) 
     Iteration   16 (n) of  500 (nmax) 
     Iteration   17 (n) of  500 (nmax) 
     Iteration   18 (n) of  500 (nmax) 
     Iteration   19 (n) of  500 (nmax) 
     Iteration   20 (n) of  500 (nmax) 
     Iteration   21 (n) of  500 (nmax) 
     Iteration   22 (n) of  500 (nmax) 
     Iteration   23 (n) of  500 (nmax) 
     Iteration   24 (n) of  500 (nmax) 
     Iteration   25 (n) of  500 (nmax) 
     Iteration   26 (n) of  500 (nmax) 
     Iteration   27 (n) of  500 (nmax) 
     Iteration   28 (n) of  500 (nmax) 
     Iteration   29 (n) of  500 (nmax) 
     Iteration   30 (n) of  500 (nmax) 
     Iteration   31 (n) of  500 (nmax) 
     Iteration   32 (n) of  500 (nmax) 
     Iteration   33 (n) of  500 (nmax) 
     Iteration   34 (n) of  500 (nmax) 
     Iteration   35 (n) of  500 (nmax) 
     Iteration   36 (n) of  500 (nmax) 
     Iteration   37 (n) of  500 (nmax) 
     Iteration   38 (n) of  500 (nmax) 
     Iteration   39 (n) of  500 (nmax) 
     Iteration   40 (n) of  500 (nmax) 
     Iteration   41 (n) of  500 (nmax) 
     Iteration   42 (n) of  500 (nmax) 
     Iteration   43 (n) of  500 (nmax) 
     Iteration   44 (n) of  500 (nmax) 
     Iteration   45 (n) of  500 (nmax) 
     Iteration   46 (n) of  500 (nmax) 
     Iteration   47 (n) of  500 (nmax) 
     Iteration   48 (n) of  500 (nmax) 
     Iteration   49 (n) of  500 (nmax) 
     Iteration   50 (n) of  500 (nmax) 
     Iteration   51 (n) of  500 (nmax) 
     Iteration   52 (n) of  500 (nmax) 
     Iteration   53 (n) of  500 (nmax) 
     Iteration   54 (n) of  500 (nmax) 
     Iteration   55 (n) of  500 (nmax) 
     Iteration   56 (n) of  500 (nmax) 
     Iteration   57 (n) of  500 (nmax) 
     Iteration   58 (n) of  500 (nmax) 
     Iteration   59 (n) of  500 (nmax) 
     Iteration   60 (n) of  500 (nmax) 
     Iteration   61 (n) of  500 (nmax) 
     Iteration   62 (n) of  500 (nmax) 
     Iteration   63 (n) of  500 (nmax) 
     Iteration   64 (n) of  500 (nmax) 
     Iteration   65 (n) of  500 (nmax) 
     Iteration   66 (n) of  500 (nmax) 
     Iteration   67 (n) of  500 (nmax) 
     Iteration   68 (n) of  500 (nmax) 
     Iteration   69 (n) of  500 (nmax) 
     Iteration   70 (n) of  500 (nmax) 
     Iteration   71 (n) of  500 (nmax) 
     Iteration   72 (n) of  500 (nmax) 
     Iteration   73 (n) of  500 (nmax) 
     Iteration   74 (n) of  500 (nmax) 
     Iteration   75 (n) of  500 (nmax) 
     Iteration   76 (n) of  500 (nmax) 
     Iteration   77 (n) of  500 (nmax) 
     Iteration   78 (n) of  500 (nmax) 
     Iteration   79 (n) of  500 (nmax) 
     Iteration   80 (n) of  500 (nmax) 
     Iteration   81 (n) of  500 (nmax) 
     Iteration   82 (n) of  500 (nmax) 
     Iteration   83 (n) of  500 (nmax) 
     Iteration   84 (n) of  500 (nmax) 
     Iteration   85 (n) of  500 (nmax) 
     Iteration   86 (n) of  500 (nmax) 
     Iteration   87 (n) of  500 (nmax) 
     Iteration   88 (n) of  500 (nmax) 
     Iteration   89 (n) of  500 (nmax) 
     Iteration   90 (n) of  500 (nmax) 
     Iteration   91 (n) of  500 (nmax) 
     Iteration   92 (n) of  500 (nmax) 
     Iteration   93 (n) of  500 (nmax) 
     Iteration   94 (n) of  500 (nmax) 
     Iteration   95 (n) of  500 (nmax) 
     Iteration   96 (n) of  500 (nmax) 
     Iteration   97 (n) of  500 (nmax) 
     Iteration   98 (n) of  500 (nmax) 
     Iteration   99 (n) of  500 (nmax) 
     Iteration  100 (n) of  500 (nmax) 
     Iteration  101 (n) of  500 (nmax) 
     Iteration  102 (n) of  500 (nmax) 
     Iteration  103 (n) of  500 (nmax) 
     Iteration  104 (n) of  500 (nmax) 
     Iteration  105 (n) of  500 (nmax) 
     Iteration  106 (n) of  500 (nmax) 
     Iteration  107 (n) of  500 (nmax) 
     Iteration  108 (n) of  500 (nmax) 
     Iteration  109 (n) of  500 (nmax) 
     Iteration  110 (n) of  500 (nmax) 
     Iteration  111 (n) of  500 (nmax) 
     Iteration  112 (n) of  500 (nmax) 
     Iteration  113 (n) of  500 (nmax) 
     Iteration  114 (n) of  500 (nmax) 
     Iteration  115 (n) of  500 (nmax) 
     Iteration  116 (n) of  500 (nmax) 
     Iteration  117 (n) of  500 (nmax) 
     Iteration  118 (n) of  500 (nmax) 
     Iteration  119 (n) of  500 (nmax) 
     Iteration  120 (n) of  500 (nmax) 
     Iteration  121 (n) of  500 (nmax) 
     Iteration  122 (n) of  500 (nmax) 
     Iteration  123 (n) of  500 (nmax) 
     Iteration  124 (n) of  500 (nmax) 
     Iteration  125 (n) of  500 (nmax) 
     Iteration  126 (n) of  500 (nmax) 
     Iteration  127 (n) of  500 (nmax) 
     Iteration  128 (n) of  500 (nmax) 
     Iteration  129 (n) of  500 (nmax) 
     Iteration  130 (n) of  500 (nmax) 
     Iteration  131 (n) of  500 (nmax) 
     Iteration  132 (n) of  500 (nmax) 
     Iteration  133 (n) of  500 (nmax) 
     Iteration  134 (n) of  500 (nmax) 
     Iteration  135 (n) of  500 (nmax) 
     Iteration  136 (n) of  500 (nmax) 
     Iteration  137 (n) of  500 (nmax) 
     Iteration  138 (n) of  500 (nmax) 
     Iteration  139 (n) of  500 (nmax) 
     Iteration  140 (n) of  500 (nmax) 
     Iteration  141 (n) of  500 (nmax) 
     Iteration  142 (n) of  500 (nmax) 
     Iteration  143 (n) of  500 (nmax) 
     Iteration  144 (n) of  500 (nmax) 
     Iteration  145 (n) of  500 (nmax) 
     Iteration  146 (n) of  500 (nmax) 
     Iteration  147 (n) of  500 (nmax) 
     Iteration  148 (n) of  500 (nmax) 
     Iteration  149 (n) of  500 (nmax) 
     Iteration  150 (n) of  500 (nmax) 
     Iteration  151 (n) of  500 (nmax) 
     Iteration  152 (n) of  500 (nmax) 
     Iteration  153 (n) of  500 (nmax) 
     Iteration  154 (n) of  500 (nmax) 
     Iteration  155 (n) of  500 (nmax) 
     Iteration  156 (n) of  500 (nmax) 
     Iteration  157 (n) of  500 (nmax) 
     Iteration  158 (n) of  500 (nmax) 
     Iteration  159 (n) of  500 (nmax) 
     Iteration  160 (n) of  500 (nmax) 
     Iteration  161 (n) of  500 (nmax) 
     Iteration  162 (n) of  500 (nmax) 
     Iteration  163 (n) of  500 (nmax) 
     Iteration  164 (n) of  500 (nmax) 
     Iteration  165 (n) of  500 (nmax) 
     Iteration  166 (n) of  500 (nmax) 
     Iteration  167 (n) of  500 (nmax) 
     Iteration  168 (n) of  500 (nmax) 
     Iteration  169 (n) of  500 (nmax) 
     Iteration  170 (n) of  500 (nmax) 
     Iteration  171 (n) of  500 (nmax) 
     Iteration  172 (n) of  500 (nmax) 
     Iteration  173 (n) of  500 (nmax) 
     Iteration  174 (n) of  500 (nmax) 
     Iteration  175 (n) of  500 (nmax) 
     Iteration  176 (n) of  500 (nmax) 
     Iteration  177 (n) of  500 (nmax) 
     Iteration  178 (n) of  500 (nmax) 
     Iteration  179 (n) of  500 (nmax) 
     Iteration  180 (n) of  500 (nmax) 
     Iteration  181 (n) of  500 (nmax) 
     Iteration  182 (n) of  500 (nmax) 
     Iteration  183 (n) of  500 (nmax) 
     Iteration  184 (n) of  500 (nmax) 
     Iteration  185 (n) of  500 (nmax) 
     Iterat/var/spool/slurmd.spool/job886156/slurm_script: line 27:  8838 Segmentation fault      /users/40173800/openclFDTD/bin/yee2d.x x=${DIM} y=${DIM} STD 2>&1

real	7m18.671s
user	6m46.582s
sys	0m10.500s
  
----------------------------------------------------------
  
   Running case for DIM = 4750 
  

libgomp: Invalid value for environment variable OMP_NUM_THREADS


      2D FDTD program 
      ---------------   

     4750 Set For the X Region
     4750 Set For the Y Region
Standard Mode Enabled


     Allocating CPU memory for ex, ey and hz fields



     Allocating CPU memory for exbcf, eybcf and hzxbcf and hzybcf fields (front PML region)



     Allocating CPU memory for exbcb, eybcb and hzxbcb and hzybcb fields (back PML region)



     Allocating CPU memory for exbcl, eybcl and hzxbcl and hzybcl fields (left PML region)



     Allocating CPU memory for exbcr, eybcr and hzxbcr and hzybcr fields (right PML region)



     CPU RAM has been allocated for all field components

     Total CPU memory allocation now: 546944144 bytes
     Updates will be performed using:  CPU sequentially 


     Iteration    0 (n) of  500 (nmax) 
     Iteration    1 (n) of  500 (nmax) 
     Iteration    2 (n) of  500 (nmax) 
     Iteration    3 (n) of  500 (nmax) 
     Iteration    4 (n) of  500 (nmax) 
     Iteration    5 (n) of  500 (nmax) 
     Iteration    6 (n) of  500 (nmax) 
     Iteration    7 (n) of  500 (nmax) 
     Iteration    8 (n) of  500 (nmax) 
     Iteration    9 (n) of  500 (nmax) 
     Iteration   10 (n) of  500 (nmax) 
     Iteration   11 (n) of  500 (nmax) 
     Iteration   12 (n) of  500 (nmax) 
     Iteration   13 (n) of  500 (nmax) 
     Iteration   14 (n) of  500 (nmax) 
     Iteration   15 (n) of  500 (nmax) 
     Iteration   16 (n) of  500 (nmax) 
     Iteration   17 (n) of  500 (nmax) 
     Iteration   18 (n) of  500 (nmax) 
     Iteration   19 (n) of  500 (nmax) 
     Iteration   20 (n) of  500 (nmax) 
     Iteration   21 (n) of  500 (nmax) 
     Iteration   22 (n) of  500 (nmax) 
     Iteration   23 (n) of  500 (nmax) 
     Iteration   24 (n) of  500 (nmax) 
     Iteration   25 (n) of  500 (nmax) 
     Iteration   26 (n) of  500 (nmax) 
     Iteration   27 (n) of  500 (nmax) 
     Iteration   28 (n) of  500 (nmax) 
     Iteration   29 (n) of  500 (nmax) 
     Iteration   30 (n) of  500 (nmax) 
     Iteration   31 (n) of  500 (nmax) 
     Iteration   32 (n) of  500 (nmax) 
     Iteration   33 (n) of  500 (nmax) 
     Iteration   34 (n) of  500 (nmax) 
     Iteration   35 (n) of  500 (nmax) 
     Iteration   36 (n) of  500 (nmax) 
     Iteration   37 (n) of  500 (nmax) 
     Iteration   38 (n) of  500 (nmax) 
     Iteration   39 (n) of  500 (nmax) 
     Iteration   40 (n) of  500 (nmax) 
     Iteration   41 (n) of  500 (nmax) 
     Iteration   42 (n) of  500 (nmax) 
     Iteration   43 (n) of  500 (nmax) 
     Iteration   44 (n) of  500 (nmax) 
     Iteration   45 (n) of  500 (nmax) 
     Iteration   46 (n) of  500 (nmax) 
     Iteration   47 (n) of  500 (nmax) 
     Iteration   48 (n) of  500 (nmax) 
     Iteration   49 (n) of  500 (nmax) 
     Iteration   50 (n) of  500 (nmax) 
     Iteration   51 (n) of  500 (nmax) 
     Iteration   52 (n) of  500 (nmax) 
     Iteration   53 (n) of  500 (nmax) 
     Iteration   54 (n) of  500 (nmax) 
     Iteration   55 (n) of  500 (nmax) 
     Iteration   56 (n) of  500 (nmax) 
     Iteration   57 (n) of  500 (nmax) 
     Iteration   58 (n) of  500 (nmax) 
     Iteration   59 (n) of  500 (nmax) 
     Iteration   60 (n) of  500 (nmax) 
     Iteration   61 (n) of  500 (nmax) 
     Iteration   62 (n) of  500 (nmax) 
     Iteration   63 (n) of  500 (nmax) 
     Iteration   64 (n) of  500 (nmax) 
     Iteration   65 (n) of  500 (nmax) 
     Iteration   66 (n) of  500 (nmax) 
     Iteration   67 (n) of  500 (nmax) 
     Iteration   68 (n) of  500 (nmax) 
     Iteration   69 (n) of  500 (nmax) 
     Iteration   70 (n) of  500 (nmax) 
     Iteration   71 (n) of  500 (nmax) 
     Iteration   72 (n) of  500 (nmax) 
     Iteration   73 (n) of  500 (nmax) 
     Iteration   74 (n) of  500 (nmax) 
     Iteration   75 (n) of  500 (nmax) 
     Iteration   76 (n) of  500 (nmax) 
     Iteration   77 (n) of  500 (nmax) 
     Iteration   78 (n) of  500 (nmax) 
     Iteration   79 (n) of  500 (nmax) 
     Iteration   80 (n) of  500 (nmax) 
     Iteration   81 (n) of  500 (nmax) 
     Iteration   82 (n) of  500 (nmax) 
     Iteration   83 (n) of  500 (nmax) 
     Iteration   84 (n) of  500 (nmax) 
     Iteration   85 (n) of  500 (nmax) 
     Iteration   86 (n) of  500 (nmax) 
     Iteration   87 (n) of  500 (nmax) 
     Iteration   88 (n) of  500 (nmax) 
     Iteration   89 (n) of  500 (nmax) 
     Iteration   90 (n) of  500 (nmax) 
     Iteration   91 (n) of  500 (nmax) 
     Iteration   92 (n) of  500 (nmax) 
     Iteration   93 (n) of  500 (nmax) 
     Iteration   94 (n) of  500 (nmax) 
     Iteration   95 (n) of  500 (nmax) 
     Iteration   96 (n) of  500 (nmax) 
     Iteration   97 (n) of  500 (nmax) 
     Iteration   98 (n) of  500 (nmax) 
     Iteration   99 (n) of  500 (nmax) 
     Iteration  100 (n) of  500 (nmax) 
     Iteration  101 (n) of  500 (nmax) 
     Iteration  102 (n) of  500 (nmax) 
     Iteration  103 (n) of  500 (nmax) 
     Iteration  104 (n) of  500 (nmax) 
     Iteration  105 (n) of  500 (nmax) 
     Iteration  106 (n) of  500 (nmax) 
     Iteration  107 (n) of  500 (nmax) 
     Iteration  108 (n) of  500 (nmax) 
     Iteration  109 (n) of  500 (nmax) 
     Iteration  110 (n) of  500 (nmax) 
     Iteration  111 (n) of  500 (nmax) 
     Iteration  112 (n) of  500 (nmax) 
     Iteration  113 (n) of  500 (nmax) 
     Iteration  114 (n) of  500 (nmax) 
     Iteration  115 (n) of  500 (nmax) 
     Iteration  116 (n) of  500 (nmax) 
     Iteration  117 (n) of  500 (nmax) 
     Iteration  118 (n) of  500 (nmax) 
     Iteration  119 (n) of  500 (nmax) 
     Iteration  120 (n) of  500 (nmax) 
     Iteration  121 (n) of  500 (nmax) 
     Iteration  122 (n) of  500 (nmax) 
     Iteration  123 (n) of  500 (nmax) 
     Iteration  124 (n) of  500 (nmax) 
     Iteration  125 (n) of  500 (nmax) 
     Iteration  126 (n) of  500 (nmax) 
     Iteration  127 (n) of  500 (nmax) 
     Iteration  128 (n) of  500 (nmax) 
     Iteration  129 (n) of  500 (nmax) 
     Iteration  130 (n) of  500 (nmax) 
     Iteration  131 (n) of  500 (nmax) 
     Iteration  132 (n) of  500 (nmax) 
     Iteration  133 (n) of  500 (nmax) 
     Iteration  134 (n) of  500 (nmax) 
     Iteration  135 (n) of  500 (nmax) 
     Iteration  136 (n) of  500 (nmax) 
     Iteration  137 (n) of  500 (nmax) 
     Iteration  138 (n) of  500 (nmax) 
     Iteration  139 (n) of  500 (nmax) 
     Iteration  140 (n) of  500 (nmax) 
     Iteration  141 (n) of  500 (nmax) 
     Iteration  142 (n) of  500 (nmax) 
     Iteration  143 (n) of  500 (nmax) 
     Iteration  144 (n) of  500 (nmax) 
     Iteration  145 (n) of  500 (nmax) 
     Iteration  146 (n) of  500 (nmax) 
     Iteration  147 (n) of  500 (nmax) 
     Iteration  148 (n) of  500 (nmax) 
     Iteration  149 (n) of  500 (nmax) 
     Iteration  150 (n) of  500 (nmax) 
     Iteration  151 (n) of  500 (nmax) 
     Iteration  152 (n) of  500 (nmax) 
     Iteration  153 (n) of  500 (nmax) 
     Iteration  154 (n) of  500 (nmax) 
     Iteration  155 (n) of  500 (nmax) 
     Iteration  156 (n) of  500 (nmax) 
     Iteration  157 (n) of  500 (nmax) 
     Iteration  158 (n) of  500 (nmax) 
     Iteration  159 (n) of  500 (nmax) 
     Iteration  160 (n) of  500 (nmax) 
     Iteration  161 (n) of  500 (nmax) 
     Iteration  162 (n) of  500 (nmax) 
     Iteration  163 (n) of  500 (nmax) 
     Iteration  164 (n) of  500 (nmax) 
     Iteration  165 (n) of  500 (nmax) 
     Iteration  166 (n) of  500 (nmax) 
     Iteration  167 (n) of  500 (nmax) 
     Iteration  168 (n) of  500 (nmax) 
     Iteration  169 (n) of  500 (nmax) 
     Iteration  170 (n) of  500 (nmax) 
     Iteration  171 (n) of  500 (nmax) 
     Iteration  172 (n) of  500 (nmax) 
     Iteration  173 (n) of  500 (nmax) 
     Iteration  174 (n) of  500 (nmax) 
     Iteration  175 (n) of  500 (nmax) 
     Iteration  176 (n) of  500 (nmax) 
     Iteration  177 (n) of  500 (nmax) 
     Iteration  178 (n) of  500 (nmax) 
     Iteration  179 (n) of  500 (nmax) 
     Iteration  180 (n) of  500 (nmax) 
     Iteration  181 (n) of  500 (nmax) 
     Iteration  182 (n) of  500 (nmax) 
     Iteration  183 (n) of  500 (nmax) 
     Iteration  184 (n) of  500 (nmax) 
     Iteration  185 (n) of  500 (nmax) 
     Iterat/var/spool/slurmd.spool/job886156/slurm_script: line 27:  9236 Segmentation fault      /users/40173800/openclFDTD/bin/yee2d.x x=${DIM} y=${DIM} STD 2>&1

real	7m2.014s
user	6m22.791s
sys	0m10.623s
  
----------------------------------------------------------
  
   Running case for DIM = 5000 
  

libgomp: Invalid value for environment variable OMP_NUM_THREADS


      2D FDTD program 
      ---------------   

     5000 Set For the X Region
     5000 Set For the Y Region
Standard Mode Enabled


     Allocating CPU memory for ex, ey and hz fields



     Allocating CPU memory for exbcf, eybcf and hzxbcf and hzybcf fields (front PML region)



     Allocating CPU memory for exbcb, eybcb and hzxbcb and hzybcb fields (back PML region)



     Allocating CPU memory for exbcl, eybcl and hzxbcl and hzybcl fields (left PML region)



     Allocating CPU memory for exbcr, eybcr and hzxbcr and hzybcr fields (right PML region)



     CPU RAM has been allocated for all field components

     Total CPU memory allocation now: 605730144 bytes
     Updates will be performed using:  CPU sequentially 


     Iteration    0 (n) of  500 (nmax) 
     Iteration    1 (n) of  500 (nmax) 
     Iteration    2 (n) of  500 (nmax) 
     Iteration    3 (n) of  500 (nmax) 
     Iteration    4 (n) of  500 (nmax) 
     Iteration    5 (n) of  500 (nmax) 
     Iteration    6 (n) of  500 (nmax) 
     Iteration    7 (n) of  500 (nmax) 
     Iteration    8 (n) of  500 (nmax) 
     Iteration    9 (n) of  500 (nmax) 
     Iteration   10 (n) of  500 (nmax) 
     Iteration   11 (n) of  500 (nmax) 
     Iteration   12 (n) of  500 (nmax) 
     Iteration   13 (n) of  500 (nmax) 
     Iteration   14 (n) of  500 (nmax) 
     Iteration   15 (n) of  500 (nmax) 
     Iteration   16 (n) of  500 (nmax) 
     Iteration   17 (n) of  500 (nmax) 
     Iteration   18 (n) of  500 (nmax) 
     Iteration   19 (n) of  500 (nmax) 
     Iteration   20 (n) of  500 (nmax) 
     Iteration   21 (n) of  500 (nmax) 
     Iteration   22 (n) of  500 (nmax) 
     Iteration   23 (n) of  500 (nmax) 
     Iteration   24 (n) of  500 (nmax) 
     Iteration   25 (n) of  500 (nmax) 
     Iteration   26 (n) of  500 (nmax) 
     Iteration   27 (n) of  500 (nmax) 
     Iteration   28 (n) of  500 (nmax) 
     Iteration   29 (n) of  500 (nmax) 
     Iteration   30 (n) of  500 (nmax) 
     Iteration   31 (n) of  500 (nmax) 
     Iteration   32 (n) of  500 (nmax) 
     Iteration   33 (n) of  500 (nmax) 
     Iteration   34 (n) of  500 (nmax) 
     Iteration   35 (n) of  500 (nmax) 
     Iteration   36 (n) of  500 (nmax) 
     Iteration   37 (n) of  500 (nmax) 
     Iteration   38 (n) of  500 (nmax) 
     Iteration   39 (n) of  500 (nmax) 
     Iteration   40 (n) of  500 (nmax) 
     Iteration   41 (n) of  500 (nmax) 
     Iteration   42 (n) of  500 (nmax) 
     Iteration   43 (n) of  500 (nmax) 
     Iteration   44 (n) of  500 (nmax) 
     Iteration   45 (n) of  500 (nmax) 
     Iteration   46 (n) of  500 (nmax) 
     Iteration   47 (n) of  500 (nmax) 
     Iteration   48 (n) of  500 (nmax) 
     Iteration   49 (n) of  500 (nmax) 
     Iteration   50 (n) of  500 (nmax) 
     Iteration   51 (n) of  500 (nmax) 
     Iteration   52 (n) of  500 (nmax) 
     Iteration   53 (n) of  500 (nmax) 
     Iteration   54 (n) of  500 (nmax) 
     Iteration   55 (n) of  500 (nmax) 
     Iteration   56 (n) of  500 (nmax) 
     Iteration   57 (n) of  500 (nmax) 
     Iteration   58 (n) of  500 (nmax) 
     Iteration   59 (n) of  500 (nmax) 
     Iteration   60 (n) of  500 (nmax) 
     Iteration   61 (n) of  500 (nmax) 
     Iteration   62 (n) of  500 (nmax) 
     Iteration   63 (n) of  500 (nmax) 
     Iteration   64 (n) of  500 (nmax) 
     Iteration   65 (n) of  500 (nmax) 
     Iteration   66 (n) of  500 (nmax) 
     Iteration   67 (n) of  500 (nmax) 
     Iteration   68 (n) of  500 (nmax) 
     Iteration   69 (n) of  500 (nmax) 
     Iteration   70 (n) of  500 (nmax) 
     Iteration   71 (n) of  500 (nmax) 
     Iteration   72 (n) of  500 (nmax) 
     Iteration   73 (n) of  500 (nmax) 
     Iteration   74 (n) of  500 (nmax) 
     Iteration   75 (n) of  500 (nmax) 
     Iteration   76 (n) of  500 (nmax) 
     Iteration   77 (n) of  500 (nmax) 
     Iteration   78 (n) of  500 (nmax) 
     Iteration   79 (n) of  500 (nmax) 
     Iteration   80 (n) of  500 (nmax) 
     Iteration   81 (n) of  500 (nmax) 
     Iteration   82 (n) of  500 (nmax) 
     Iteration   83 (n) of  500 (nmax) 
     Iteration   84 (n) of  500 (nmax) 
     Iteration   85 (n) of  500 (nmax) 
     Iteration   86 (n) of  500 (nmax) 
     Iteration   87 (n) of  500 (nmax) 
     Iteration   88 (n) of  500 (nmax) 
     Iteration   89 (n) of  500 (nmax) 
     Iteration   90 (n) of  500 (nmax) 
     Iteration   91 (n) of  500 (nmax) 
     Iteration   92 (n) of  500 (nmax) 
     Iteration   93 (n) of  500 (nmax) 
     Iteration   94 (n) of  500 (nmax) 
     Iteration   95 (n) of  500 (nmax) 
     Iteration   96 (n) of  500 (nmax) 
     Iteration   97 (n) of  500 (nmax) 
     Iteration   98 (n) of  500 (nmax) 
     Iteration   99 (n) of  500 (nmax) 
     Iteration  100 (n) of  500 (nmax) 
     Iteration  101 (n) of  500 (nmax) 
     Iteration  102 (n) of  500 (nmax) 
     Iteration  103 (n) of  500 (nmax) 
     Iteration  104 (n) of  500 (nmax) 
     Iteration  105 (n) of  500 (nmax) 
     Iteration  106 (n) of  500 (nmax) 
     Iteration  107 (n) of  500 (nmax) 
     Iteration  108 (n) of  500 (nmax) 
     Iteration  109 (n) of  500 (nmax) 
     Iteration  110 (n) of  500 (nmax) 
     Iteration  111 (n) of  500 (nmax) 
     Iteration  112 (n) of  500 (nmax) 
     Iteration  113 (n) of  500 (nmax) 
     Iteration  114 (n) of  500 (nmax) 
     Iteration  115 (n) of  500 (nmax) 
     Iteration  116 (n) of  500 (nmax) 
     Iteration  117 (n) of  500 (nmax) 
     Iteration  118 (n) of  500 (nmax) 
     Iteration  119 (n) of  500 (nmax) 
     Iteration  120 (n) of  500 (nmax) 
     Iteration  121 (n) of  500 (nmax) 
     Iteration  122 (n) of  500 (nmax) 
     Iteration  123 (n) of  500 (nmax) 
     Iteration  124 (n) of  500 (nmax) 
     Iteration  125 (n) of  500 (nmax) 
     Iteration  126 (n) of  500 (nmax) 
     Iteration  127 (n) of  500 (nmax) 
     Iteration  128 (n) of  500 (nmax) 
     Iteration  129 (n) of  500 (nmax) 
     Iteration  130 (n) of  500 (nmax) 
     Iteration  131 (n) of  500 (nmax) 
     Iteration  132 (n) of  500 (nmax) 
     Iteration  133 (n) of  500 (nmax) 
     Iteration  134 (n) of  500 (nmax) 
     Iteration  135 (n) of  500 (nmax) 
     Iteration  136 (n) of  500 (nmax) 
     Iteration  137 (n) of  500 (nmax) 
     Iteration  138 (n) of  500 (nmax) 
     Iteration  139 (n) of  500 (nmax) 
     Iteration  140 (n) of  500 (nmax) 
     Iteration  141 (n) of  500 (nmax) 
     Iteration  142 (n) of  500 (nmax) 
     Iteration  143 (n) of  500 (nmax) 
     Iteration  144 (n) of  500 (nmax) 
     Iteration  145 (n) of  500 (nmax) 
     Iteration  146 (n) of  500 (nmax) 
     Iteration  147 (n) of  500 (nmax) 
     Iteration  148 (n) of  500 (nmax) 
     Iteration  149 (n) of  500 (nmax) 
     Iteration  150 (n) of  500 (nmax) 
     Iteration  151 (n) of  500 (nmax) 
     Iteration  152 (n) of  500 (nmax) 
     Iteration  153 (n) of  500 (nmax) 
     Iteration  154 (n) of  500 (nmax) 
     Iteration  155 (n) of  500 (nmax) 
     Iteration  156 (n) of  500 (nmax) 
     Iteration  157 (n) of  500 (nmax) 
     Iteration  158 (n) of  500 (nmax) 
     Iteration  159 (n) of  500 (nmax) 
     Iteration  160 (n) of  500 (nmax) 
     Iteration  161 (n) of  500 (nmax) 
     Iteration  162 (n) of  500 (nmax) 
     Iteration  163 (n) of  500 (nmax) 
     Iteration  164 (n) of  500 (nmax) 
     Iteration  165 (n) of  500 (nmax) 
     Iteration  166 (n) of  500 (nmax) 
     Iteration  167 (n) of  500 (nmax) 
     Iteration  168 (n) of  500 (nmax) 
     Iteration  169 (n) of  500 (nmax) 
     Iteration  170 (n) of  500 (nmax) 
     Iteration  171 (n) of  500 (nmax) 
     Iteration  172 (n) of  500 (nmax) 
     Iteration  173 (n) of  500 (nmax) 
     Iteration  174 (n) of  500 (nmax) 
     Iteration  175 (n) of  500 (nmax) 
     Iteration  176 (n) of  500 (nmax) 
     Iteration  177 (n) of  500 (nmax) 
     Iteration  178 (n) of  500 (nmax) 
     Iteration  179 (n) of  500 (nmax) 
     Iteration  180 (n) of  500 (nmax) 
     Iteration  181 (n) of  500 (nmax) 
     Iteration  182 (n) of  500 (nmax) 
     Iteration  183 (n) of  500 (nmax) 
     Iteration  184 (n) of  500 (nmax) 
     Iteration  185 (n) of  500 (nmax) 
     Iterat/var/spool/slurmd.spool/job886156/slurm_script: line 27:  9621 Segmentation fault      /users/40173800/openclFDTD/bin/yee2d.x x=${DIM} y=${DIM} STD 2>&1

real	7m9.049s
user	6m32.068s
sys	0m10.733s
  
----------------------------------------------------------
  
   Running case for DIM = 5250 
  

libgomp: Invalid value for environment variable OMP_NUM_THREADS


      2D FDTD program 
      ---------------   

     5250 Set For the X Region
     5250 Set For the Y Region
Standard Mode Enabled


     Allocating CPU memory for ex, ey and hz fields



     Allocating CPU memory for exbcf, eybcf and hzxbcf and hzybcf fields (front PML region)



     Allocating CPU memory for exbcb, eybcb and hzxbcb and hzybcb fields (back PML region)



     Allocating CPU memory for exbcl, eybcl and hzxbcl and hzybcl fields (left PML region)



     Allocating CPU memory for exbcr, eybcr and hzxbcr and hzybcr fields (right PML region)



     CPU RAM has been allocated for all field components

     Total CPU memory allocation now: 667516144 bytes
     Updates will be performed using:  CPU sequentially 


     Iteration    0 (n) of  500 (nmax) 
     Iteration    1 (n) of  500 (nmax) 
     Iteration    2 (n) of  500 (nmax) 
     Iteration    3 (n) of  500 (nmax) 
     Iteration    4 (n) of  500 (nmax) 
     Iteration    5 (n) of  500 (nmax) 
     Iteration    6 (n) of  500 (nmax) 
     Iteration    7 (n) of  500 (nmax) 
     Iteration    8 (n) of  500 (nmax) 
     Iteration    9 (n) of  500 (nmax) 
     Iteration   10 (n) of  500 (nmax) 
     Iteration   11 (n) of  500 (nmax) 
     Iteration   12 (n) of  500 (nmax) 
     Iteration   13 (n) of  500 (nmax) 
     Iteration   14 (n) of  500 (nmax) 
     Iteration   15 (n) of  500 (nmax) 
     Iteration   16 (n) of  500 (nmax) 
     Iteration   17 (n) of  500 (nmax) 
     Iteration   18 (n) of  500 (nmax) 
     Iteration   19 (n) of  500 (nmax) 
     Iteration   20 (n) of  500 (nmax) 
     Iteration   21 (n) of  500 (nmax) 
     Iteration   22 (n) of  500 (nmax) 
     Iteration   23 (n) of  500 (nmax) 
     Iteration   24 (n) of  500 (nmax) 
     Iteration   25 (n) of  500 (nmax) 
     Iteration   26 (n) of  500 (nmax) 
     Iteration   27 (n) of  500 (nmax) 
     Iteration   28 (n) of  500 (nmax) 
     Iteration   29 (n) of  500 (nmax) 
     Iteration   30 (n) of  500 (nmax) 
     Iteration   31 (n) of  500 (nmax) 
     Iteration   32 (n) of  500 (nmax) 
     Iteration   33 (n) of  500 (nmax) 
     Iteration   34 (n) of  500 (nmax) 
     Iteration   35 (n) of  500 (nmax) 
     Iteration   36 (n) of  500 (nmax) 
     Iteration   37 (n) of  500 (nmax) 
     Iteration   38 (n) of  500 (nmax) 
     Iteration   39 (n) of  500 (nmax) 
     Iteration   40 (n) of  500 (nmax) 
     Iteration   41 (n) of  500 (nmax) 
     Iteration   42 (n) of  500 (nmax) 
     Iteration   43 (n) of  500 (nmax) 
     Iteration   44 (n) of  500 (nmax) 
     Iteration   45 (n) of  500 (nmax) 
     Iteration   46 (n) of  500 (nmax) 
     Iteration   47 (n) of  500 (nmax) 
     Iteration   48 (n) of  500 (nmax) 
     Iteration   49 (n) of  500 (nmax) 
     Iteration   50 (n) of  500 (nmax) 
     Iteration   51 (n) of  500 (nmax) 
     Iteration   52 (n) of  500 (nmax) 
     Iteration   53 (n) of  500 (nmax) 
     Iteration   54 (n) of  500 (nmax) 
     Iteration   55 (n) of  500 (nmax) 
     Iteration   56 (n) of  500 (nmax) 
     Iteration   57 (n) of  500 (nmax) 
     Iteration   58 (n) of  500 (nmax) 
     Iteration   59 (n) of  500 (nmax) 
     Iteration   60 (n) of  500 (nmax) 
     Iteration   61 (n) of  500 (nmax) 
     Iteration   62 (n) of  500 (nmax) 
     Iteration   63 (n) of  500 (nmax) 
     Iteration   64 (n) of  500 (nmax) 
     Iteration   65 (n) of  500 (nmax) 
     Iteration   66 (n) of  500 (nmax) 
     Iteration   67 (n) of  500 (nmax) 
     Iteration   68 (n) of  500 (nmax) 
     Iteration   69 (n) of  500 (nmax) 
     Iteration   70 (n) of  500 (nmax) 
     Iteration   71 (n) of  500 (nmax) 
     Iteration   72 (n) of  500 (nmax) 
     Iteration   73 (n) of  500 (nmax) 
     Iteration   74 (n) of  500 (nmax) 
     Iteration   75 (n) of  500 (nmax) 
     Iteration   76 (n) of  500 (nmax) 
     Iteration   77 (n) of  500 (nmax) 
     Iteration   78 (n) of  500 (nmax) 
     Iteration   79 (n) of  500 (nmax) 
     Iteration   80 (n) of  500 (nmax) 
     Iteration   81 (n) of  500 (nmax) 
     Iteration   82 (n) of  500 (nmax) 
     Iteration   83 (n) of  500 (nmax) 
     Iteration   84 (n) of  500 (nmax) 
     Iteration   85 (n) of  500 (nmax) 
     Iteration   86 (n) of  500 (nmax) 
     Iteration   87 (n) of  500 (nmax) 
     Iteration   88 (n) of  500 (nmax) 
     Iteration   89 (n) of  500 (nmax) 
     Iteration   90 (n) of  500 (nmax) 
     Iteration   91 (n) of  500 (nmax) 
     Iteration   92 (n) of  500 (nmax) 
     Iteration   93 (n) of  500 (nmax) 
     Iteration   94 (n) of  500 (nmax) 
     Iteration   95 (n) of  500 (nmax) 
     Iteration   96 (n) of  500 (nmax) 
     Iteration   97 (n) of  500 (nmax) 
     Iteration   98 (n) of  500 (nmax) 
     Iteration   99 (n) of  500 (nmax) 
     Iteration  100 (n) of  500 (nmax) 
     Iteration  101 (n) of  500 (nmax) 
     Iteration  102 (n) of  500 (nmax) 
     Iteration  103 (n) of  500 (nmax) 
     Iteration  104 (n) of  500 (nmax) 
     Iteration  105 (n) of  500 (nmax) 
     Iteration  106 (n) of  500 (nmax) 
     Iteration  107 (n) of  500 (nmax) 
     Iteration  108 (n) of  500 (nmax) 
     Iteration  109 (n) of  500 (nmax) 
     Iteration  110 (n) of  500 (nmax) 
     Iteration  111 (n) of  500 (nmax) 
     Iteration  112 (n) of  500 (nmax) 
     Iteration  113 (n) of  500 (nmax) 
     Iteration  114 (n) of  500 (nmax) 
     Iteration  115 (n) of  500 (nmax) 
     Iteration  116 (n) of  500 (nmax) 
     Iteration  117 (n) of  500 (nmax) 
     Iteration  118 (n) of  500 (nmax) 
     Iteration  119 (n) of  500 (nmax) 
     Iteration  120 (n) of  500 (nmax) 
     Iteration  121 (n) of  500 (nmax) 
     Iteration  122 (n) of  500 (nmax) 
     Iteration  123 (n) of  500 (nmax) 
     Iteration  124 (n) of  500 (nmax) 
     Iteration  125 (n) of  500 (nmax) 
     Iteration  126 (n) of  500 (nmax) 
     Iteration  127 (n) of  500 (nmax) 
     Iteration  128 (n) of  500 (nmax) 
     Iteration  129 (n) of  500 (nmax) 
     Iteration  130 (n) of  500 (nmax) 
     Iteration  131 (n) of  500 (nmax) 
     Iteration  132 (n) of  500 (nmax) 
     Iteration  133 (n) of  500 (nmax) 
     Iteration  134 (n) of  500 (nmax) 
     Iteration  135 (n) of  500 (nmax) 
     Iteration  136 (n) of  500 (nmax) 
     Iteration  137 (n) of  500 (nmax) 
     Iteration  138 (n) of  500 (nmax) 
     Iteration  139 (n) of  500 (nmax) 
     Iteration  140 (n) of  500 (nmax) 
     Iteration  141 (n) of  500 (nmax) 
     Iteration  142 (n) of  500 (nmax) 
     Iteration  143 (n) of  500 (nmax) 
     Iteration  144 (n) of  500 (nmax) 
     Iteration  145 (n) of  500 (nmax) 
     Iteration  146 (n) of  500 (nmax) 
     Iteration  147 (n) of  500 (nmax) 
     Iteration  148 (n) of  500 (nmax) 
     Iteration  149 (n) of  500 (nmax) 
     Iteration  150 (n) of  500 (nmax) 
     Iteration  151 (n) of  500 (nmax) 
     Iteration  152 (n) of  500 (nmax) 
     Iteration  153 (n) of  500 (nmax) 
     Iteration  154 (n) of  500 (nmax) 
     Iteration  155 (n) of  500 (nmax) 
     Iteration  156 (n) of  500 (nmax) 
     Iteration  157 (n) of  500 (nmax) 
     Iteration  158 (n) of  500 (nmax) 
     Iteration  159 (n) of  500 (nmax) 
     Iteration  160 (n) of  500 (nmax) 
     Iteration  161 (n) of  500 (nmax) 
     Iteration  162 (n) of  500 (nmax) 
     Iteration  163 (n) of  500 (nmax) 
     Iteration  164 (n) of  500 (nmax) 
     Iteration  165 (n) of  500 (nmax) 
     Iteration  166 (n) of  500 (nmax) 
     Iteration  167 (n) of  500 (nmax) 
     Iteration  168 (n) of  500 (nmax) 
     Iteration  169 (n) of  500 (nmax) 
     Iteration  170 (n) of  500 (nmax) 
     Iteration  171 (n) of  500 (nmax) 
     Iteration  172 (n) of  500 (nmax) 
     Iteration  173 (n) of  500 (nmax) 
     Iteration  174 (n) of  500 (nmax) 
     Iteration  175 (n) of  500 (nmax) 
     Iteration  176 (n) of  500 (nmax) 
     Iteration  177 (n) of  500 (nmax) 
     Iteration  178 (n) of  500 (nmax) 
     Iteration  179 (n) of  500 (nmax) 
     Iteration  180 (n) of  500 (nmax) 
     Iteration  181 (n) of  500 (nmax) 
     Iteration  182 (n) of  500 (nmax) 
     Iteration  183 (n) of  500 (nmax) 
     Iteration  184 (n) of  500 (nmax) 
     Iteration  185 (n) of  500 (nmax) 
     Iterat/var/spool/slurmd.spool/job886156/slurm_script: line 27: 10043 Segmentation fault      /users/40173800/openclFDTD/bin/yee2d.x x=${DIM} y=${DIM} STD 2>&1

real	7m0.093s
user	6m14.851s
sys	0m12.234s
  
----------------------------------------------------------
  
   Running case for DIM = 5500 
  

libgomp: Invalid value for environment variable OMP_NUM_THREADS


      2D FDTD program 
      ---------------   

     5500 Set For the X Region
     5500 Set For the Y Region
Standard Mode Enabled


     Allocating CPU memory for ex, ey and hz fields



     Allocating CPU memory for exbcf, eybcf and hzxbcf and hzybcf fields (front PML region)



     Allocating CPU memory for exbcb, eybcb and hzxbcb and hzybcb fields (back PML region)



     Allocating CPU memory for exbcl, eybcl and hzxbcl and hzybcl fields (left PML region)



     Allocating CPU memory for exbcr, eybcr and hzxbcr and hzybcr fields (right PML region)



     CPU RAM has been allocated for all field components

     Total CPU memory allocation now: 732302144 bytes
     Updates will be performed using:  CPU sequentially 


     Iteration    0 (n) of  500 (nmax) 
     Iteration    1 (n) of  500 (nmax) 
     Iteration    2 (n) of  500 (nmax) 
     Iteration    3 (n) of  500 (nmax) 
     Iteration    4 (n) of  500 (nmax) 
     Iteration    5 (n) of  500 (nmax) 
     Iteration    6 (n) of  500 (nmax) 
     Iteration    7 (n) of  500 (nmax) 
     Iteration    8 (n) of  500 (nmax) 
     Iteration    9 (n) of  500 (nmax) 
     Iteration   10 (n) of  500 (nmax) 
     Iteration   11 (n) of  500 (nmax) 
     Iteration   12 (n) of  500 (nmax) 
     Iteration   13 (n) of  500 (nmax) 
     Iteration   14 (n) of  500 (nmax) 
     Iteration   15 (n) of  500 (nmax) 
     Iteration   16 (n) of  500 (nmax) 
     Iteration   17 (n) of  500 (nmax) 
     Iteration   18 (n) of  500 (nmax) 
     Iteration   19 (n) of  500 (nmax) 
     Iteration   20 (n) of  500 (nmax) 
     Iteration   21 (n) of  500 (nmax) 
     Iteration   22 (n) of  500 (nmax) 
     Iteration   23 (n) of  500 (nmax) 
     Iteration   24 (n) of  500 (nmax) 
     Iteration   25 (n) of  500 (nmax) 
     Iteration   26 (n) of  500 (nmax) 
     Iteration   27 (n) of  500 (nmax) 
     Iteration   28 (n) of  500 (nmax) 
     Iteration   29 (n) of  500 (nmax) 
     Iteration   30 (n) of  500 (nmax) 
     Iteration   31 (n) of  500 (nmax) 
     Iteration   32 (n) of  500 (nmax) 
     Iteration   33 (n) of  500 (nmax) 
     Iteration   34 (n) of  500 (nmax) 
     Iteration   35 (n) of  500 (nmax) 
     Iteration   36 (n) of  500 (nmax) 
     Iteration   37 (n) of  500 (nmax) 
     Iteration   38 (n) of  500 (nmax) 
     Iteration   39 (n) of  500 (nmax) 
     Iteration   40 (n) of  500 (nmax) 
     Iteration   41 (n) of  500 (nmax) 
     Iteration   42 (n) of  500 (nmax) 
     Iteration   43 (n) of  500 (nmax) 
     Iteration   44 (n) of  500 (nmax) 
     Iteration   45 (n) of  500 (nmax) 
     Iteration   46 (n) of  500 (nmax) 
     Iteration   47 (n) of  500 (nmax) 
     Iteration   48 (n) of  500 (nmax) 
     Iteration   49 (n) of  500 (nmax) 
     Iteration   50 (n) of  500 (nmax) 
     Iteration   51 (n) of  500 (nmax) 
     Iteration   52 (n) of  500 (nmax) 
     Iteration   53 (n) of  500 (nmax) 
     Iteration   54 (n) of  500 (nmax) 
     Iteration   55 (n) of  500 (nmax) 
     Iteration   56 (n) of  500 (nmax) 
     Iteration   57 (n) of  500 (nmax) 
     Iteration   58 (n) of  500 (nmax) 
     Iteration   59 (n) of  500 (nmax) 
     Iteration   60 (n) of  500 (nmax) 
     Iteration   61 (n) of  500 (nmax) 
     Iteration   62 (n) of  500 (nmax) 
     Iteration   63 (n) of  500 (nmax) 
     Iteration   64 (n) of  500 (nmax) 
     Iteration   65 (n) of  500 (nmax) 
     Iteration   66 (n) of  500 (nmax) 
     Iteration   67 (n) of  500 (nmax) 
     Iteration   68 (n) of  500 (nmax) 
     Iteration   69 (n) of  500 (nmax) 
     Iteration   70 (n) of  500 (nmax) 
     Iteration   71 (n) of  500 (nmax) 
     Iteration   72 (n) of  500 (nmax) 
     Iteration   73 (n) of  500 (nmax) 
     Iteration   74 (n) of  500 (nmax) 
     Iteration   75 (n) of  500 (nmax) 
     Iteration   76 (n) of  500 (nmax) 
     Iteration   77 (n) of  500 (nmax) 
     Iteration   78 (n) of  500 (nmax) 
     Iteration   79 (n) of  500 (nmax) 
     Iteration   80 (n) of  500 (nmax) 
     Iteration   81 (n) of  500 (nmax) 
     Iteration   82 (n) of  500 (nmax) 
     Iteration   83 (n) of  500 (nmax) 
     Iteration   84 (n) of  500 (nmax) 
     Iteration   85 (n) of  500 (nmax) 
     Iteration   86 (n) of  500 (nmax) 
     Iteration   87 (n) of  500 (nmax) 
     Iteration   88 (n) of  500 (nmax) 
     Iteration   89 (n) of  500 (nmax) 
     Iteration   90 (n) of  500 (nmax) 
     Iteration   91 (n) of  500 (nmax) 
     Iteration   92 (n) of  500 (nmax) 
     Iteration   93 (n) of  500 (nmax) 
     Iteration   94 (n) of  500 (nmax) 
     Iteration   95 (n) of  500 (nmax) 
     Iteration   96 (n) of  500 (nmax) 
     Iteration   97 (n) of  500 (nmax) 
     Iteration   98 (n) of  500 (nmax) 
     Iteration   99 (n) of  500 (nmax) 
     Iteration  100 (n) of  500 (nmax) 
     Iteration  101 (n) of  500 (nmax) 
     Iteration  102 (n) of  500 (nmax) 
     Iteration  103 (n) of  500 (nmax) 
     Iteration  104 (n) of  500 (nmax) 
     Iteration  105 (n) of  500 (nmax) 
     Iteration  106 (n) of  500 (nmax) 
     Iteration  107 (n) of  500 (nmax) 
     Iteration  108 (n) of  500 (nmax) 
     Iteration  109 (n) of  500 (nmax) 
     Iteration  110 (n) of  500 (nmax) 
     Iteration  111 (n) of  500 (nmax) 
     Iteration  112 (n) of  500 (nmax) 
     Iteration  113 (n) of  500 (nmax) 
     Iteration  114 (n) of  500 (nmax) 
     Iteration  115 (n) of  500 (nmax) 
     Iteration  116 (n) of  500 (nmax) 
     Iteration  117 (n) of  500 (nmax) 
     Iteration  118 (n) of  500 (nmax) 
     Iteration  119 (n) of  500 (nmax) 
     Iteration  120 (n) of  500 (nmax) 
     Iteration  121 (n) of  500 (nmax) 
     Iteration  122 (n) of  500 (nmax) 
     Iteration  123 (n) of  500 (nmax) 
     Iteration  124 (n) of  500 (nmax) 
     Iteration  125 (n) of  500 (nmax) 
     Iteration  126 (n) of  500 (nmax) 
     Iteration  127 (n) of  500 (nmax) 
     Iteration  128 (n) of  500 (nmax) 
     Iteration  129 (n) of  500 (nmax) 
     Iteration  130 (n) of  500 (nmax) 
     Iteration  131 (n) of  500 (nmax) 
     Iteration  132 (n) of  500 (nmax) 
     Iteration  133 (n) of  500 (nmax) 
     Iteration  134 (n) of  500 (nmax) 
     Iteration  135 (n) of  500 (nmax) 
     Iteration  136 (n) of  500 (nmax) 
     Iteration  137 (n) of  500 (nmax) 
     Iteration  138 (n) of  500 (nmax) 
     Iteration  139 (n) of  500 (nmax) 
     Iteration  140 (n) of  500 (nmax) 
     Iteration  141 (n) of  500 (nmax) 
     Iteration  142 (n) of  500 (nmax) 
     Iteration  143 (n) of  500 (nmax) 
     Iteration  144 (n) of  500 (nmax) 
     Iteration  145 (n) of  500 (nmax) 
     Iteration  146 (n) of  500 (nmax) 
     Iteration  147 (n) of  500 (nmax) 
     Iteration  148 (n) of  500 (nmax) 
     Iteration  149 (n) of  500 (nmax) 
     Iteration  150 (n) of  500 (nmax) 
     Iteration  151 (n) of  500 (nmax) 
     Iteration  152 (n) of  500 (nmax) 
     Iteration  153 (n) of  500 (nmax) 
     Iteration  154 (n) of  500 (nmax) 
     Iteration  155 (n) of  500 (nmax) 
     Iteration  156 (n) of  500 (nmax) 
     Iteration  157 (n) of  500 (nmax) 
     Iteration  158 (n) of  500 (nmax) 
     Iteration  159 (n) of  500 (nmax) 
     Iteration  160 (n) of  500 (nmax) 
     Iteration  161 (n) of  500 (nmax) 
     Iteration  162 (n) of  500 (nmax) 
     Iteration  163 (n) of  500 (nmax) 
     Iteration  164 (n) of  500 (nmax) 
     Iteration  165 (n) of  500 (nmax) 
     Iteration  166 (n) of  500 (nmax) 
     Iteration  167 (n) of  500 (nmax) 
     Iteration  168 (n) of  500 (nmax) 
     Iteration  169 (n) of  500 (nmax) 
     Iteration  170 (n) of  500 (nmax) 
     Iteration  171 (n) of  500 (nmax) 
     Iteration  172 (n) of  500 (nmax) 
     Iteration  173 (n) of  500 (nmax) 
     Iteration  174 (n) of  500 (nmax) 
     Iteration  175 (n) of  500 (nmax) 
     Iteration  176 (n) of  500 (nmax) 
     Iteration  177 (n) of  500 (nmax) 
     Iteration  178 (n) of  500 (nmax) 
     Iteration  179 (n) of  500 (nmax) 
     Iteration  180 (n) of  500 (nmax) 
     Iteration  181 (n) of  500 (nmax) 
     Iteration  182 (n) of  500 (nmax) 
     Iteration  183 (n) of  500 (nmax) 
     Iteration  184 (n) of  500 (nmax) 
     Iteration  185 (n) of  500 (nmax) 
     Iterat/var/spool/slurmd.spool/job886156/slurm_script: line 27: 10429 Segmentation fault      /users/40173800/openclFDTD/bin/yee2d.x x=${DIM} y=${DIM} STD 2>&1

real	7m1.712s
user	6m13.424s
sys	0m12.783s
  
----------------------------------------------------------
  
   Running case for DIM = 5750 
  

libgomp: Invalid value for environment variable OMP_NUM_THREADS


      2D FDTD program 
      ---------------   

     5750 Set For the X Region
     5750 Set For the Y Region
Standard Mode Enabled


     Allocating CPU memory for ex, ey and hz fields



     Allocating CPU memory for exbcf, eybcf and hzxbcf and hzybcf fields (front PML region)



     Allocating CPU memory for exbcb, eybcb and hzxbcb and hzybcb fields (back PML region)



     Allocating CPU memory for exbcl, eybcl and hzxbcl and hzybcl fields (left PML region)



     Allocating CPU memory for exbcr, eybcr and hzxbcr and hzybcr fields (right PML region)



     CPU RAM has been allocated for all field components

     Total CPU memory allocation now: 800088144 bytes
     Updates will be performed using:  CPU sequentially 


     Iteration    0 (n) of  500 (nmax) 
     Iteration    1 (n) of  500 (nmax) 
     Iteration    2 (n) of  500 (nmax) 
     Iteration    3 (n) of  500 (nmax) 
     Iteration    4 (n) of  500 (nmax) 
     Iteration    5 (n) of  500 (nmax) 
     Iteration    6 (n) of  500 (nmax) 
     Iteration    7 (n) of  500 (nmax) 
     Iteration    8 (n) of  500 (nmax) 
     Iteration    9 (n) of  500 (nmax) 
     Iteration   10 (n) of  500 (nmax) 
     Iteration   11 (n) of  500 (nmax) 
     Iteration   12 (n) of  500 (nmax) 
     Iteration   13 (n) of  500 (nmax) 
     Iteration   14 (n) of  500 (nmax) 
     Iteration   15 (n) of  500 (nmax) 
     Iteration   16 (n) of  500 (nmax) 
     Iteration   17 (n) of  500 (nmax) 
     Iteration   18 (n) of  500 (nmax) 
     Iteration   19 (n) of  500 (nmax) 
     Iteration   20 (n) of  500 (nmax) 
     Iteration   21 (n) of  500 (nmax) 
     Iteration   22 (n) of  500 (nmax) 
     Iteration   23 (n) of  500 (nmax) 
     Iteration   24 (n) of  500 (nmax) 
     Iteration   25 (n) of  500 (nmax) 
     Iteration   26 (n) of  500 (nmax) 
     Iteration   27 (n) of  500 (nmax) 
     Iteration   28 (n) of  500 (nmax) 
     Iteration   29 (n) of  500 (nmax) 
     Iteration   30 (n) of  500 (nmax) 
     Iteration   31 (n) of  500 (nmax) 
     Iteration   32 (n) of  500 (nmax) 
     Iteration   33 (n) of  500 (nmax) 
     Iteration   34 (n) of  500 (nmax) 
     Iteration   35 (n) of  500 (nmax) 
     Iteration   36 (n) of  500 (nmax) 
     Iteration   37 (n) of  500 (nmax) 
     Iteration   38 (n) of  500 (nmax) 
     Iteration   39 (n) of  500 (nmax) 
     Iteration   40 (n) of  500 (nmax) 
     Iteration   41 (n) of  500 (nmax) 
     Iteration   42 (n) of  500 (nmax) 
     Iteration   43 (n) of  500 (nmax) 
     Iteration   44 (n) of  500 (nmax) 
     Iteration   45 (n) of  500 (nmax) 
     Iteration   46 (n) of  500 (nmax) 
     Iteration   47 (n) of  500 (nmax) 
     Iteration   48 (n) of  500 (nmax) 
     Iteration   49 (n) of  500 (nmax) 
     Iteration   50 (n) of  500 (nmax) 
     Iteration   51 (n) of  500 (nmax) 
     Iteration   52 (n) of  500 (nmax) 
     Iteration   53 (n) of  500 (nmax) 
     Iteration   54 (n) of  500 (nmax) 
     Iteration   55 (n) of  500 (nmax) 
     Iteration   56 (n) of  500 (nmax) 
     Iteration   57 (n) of  500 (nmax) 
     Iteration   58 (n) of  500 (nmax) 
     Iteration   59 (n) of  500 (nmax) 
     Iteration   60 (n) of  500 (nmax) 
     Iteration   61 (n) of  500 (nmax) 
     Iteration   62 (n) of  500 (nmax) 
     Iteration   63 (n) of  500 (nmax) 
     Iteration   64 (n) of  500 (nmax) 
     Iteration   65 (n) of  500 (nmax) 
     Iteration   66 (n) of  500 (nmax) 
     Iteration   67 (n) of  500 (nmax) 
     Iteration   68 (n) of  500 (nmax) 
     Iteration   69 (n) of  500 (nmax) 
     Iteration   70 (n) of  500 (nmax) 
     Iteration   71 (n) of  500 (nmax) 
     Iteration   72 (n) of  500 (nmax) 
     Iteration   73 (n) of  500 (nmax) 
     Iteration   74 (n) of  500 (nmax) 
     Iteration   75 (n) of  500 (nmax) 
     Iteration   76 (n) of  500 (nmax) 
     Iteration   77 (n) of  500 (nmax) 
     Iteration   78 (n) of  500 (nmax) 
     Iteration   79 (n) of  500 (nmax) 
     Iteration   80 (n) of  500 (nmax) 
     Iteration   81 (n) of  500 (nmax) 
     Iteration   82 (n) of  500 (nmax) 
     Iteration   83 (n) of  500 (nmax) 
     Iteration   84 (n) of  500 (nmax) 
     Iteration   85 (n) of  500 (nmax) 
     Iteration   86 (n) of  500 (nmax) 
     Iteration   87 (n) of  500 (nmax) 
     Iteration   88 (n) of  500 (nmax) 
     Iteration   89 (n) of  500 (nmax) 
     Iteration   90 (n) of  500 (nmax) 
     Iteration   91 (n) of  500 (nmax) 
     Iteration   92 (n) of  500 (nmax) 
     Iteration   93 (n) of  500 (nmax) 
     Iteration   94 (n) of  500 (nmax) 
     Iteration   95 (n) of  500 (nmax) 
     Iteration   96 (n) of  500 (nmax) 
     Iteration   97 (n) of  500 (nmax) 
     Iteration   98 (n) of  500 (nmax) 
     Iteration   99 (n) of  500 (nmax) 
     Iteration  100 (n) of  500 (nmax) 
     Iteration  101 (n) of  500 (nmax) 
     Iteration  102 (n) of  500 (nmax) 
     Iteration  103 (n) of  500 (nmax) 
     Iteration  104 (n) of  500 (nmax) 
     Iteration  105 (n) of  500 (nmax) 
     Iteration  106 (n) of  500 (nmax) 
     Iteration  107 (n) of  500 (nmax) 
     Iteration  108 (n) of  500 (nmax) 
     Iteration  109 (n) of  500 (nmax) 
     Iteration  110 (n) of  500 (nmax) 
     Iteration  111 (n) of  500 (nmax) 
     Iteration  112 (n) of  500 (nmax) 
     Iteration  113 (n) of  500 (nmax) 
     Iteration  114 (n) of  500 (nmax) 
     Iteration  115 (n) of  500 (nmax) 
     Iteration  116 (n) of  500 (nmax) 
     Iteration  117 (n) of  500 (nmax) 
     Iteration  118 (n) of  500 (nmax) 
     Iteration  119 (n) of  500 (nmax) 
     Iteration  120 (n) of  500 (nmax) 
     Iteration  121 (n) of  500 (nmax) 
     Iteration  122 (n) of  500 (nmax) 
     Iteration  123 (n) of  500 (nmax) 
     Iteration  124 (n) of  500 (nmax) 
     Iteration  125 (n) of  500 (nmax) 
     Iteration  126 (n) of  500 (nmax) 
     Iteration  127 (n) of  500 (nmax) 
     Iteration  128 (n) of  500 (nmax) 
     Iteration  129 (n) of  500 (nmax) 
     Iteration  130 (n) of  500 (nmax) 
     Iteration  131 (n) of  500 (nmax) 
     Iteration  132 (n) of  500 (nmax) 
     Iteration  133 (n) of  500 (nmax) 
     Iteration  134 (n) of  500 (nmax) 
     Iteration  135 (n) of  500 (nmax) 
     Iteration  136 (n) of  500 (nmax) 
     Iteration  137 (n) of  500 (nmax) 
     Iteration  138 (n) of  500 (nmax) 
     Iteration  139 (n) of  500 (nmax) 
     Iteration  140 (n) of  500 (nmax) 
     Iteration  141 (n) of  500 (nmax) 
     Iteration  142 (n) of  500 (nmax) 
     Iteration  143 (n) of  500 (nmax) 
     Iteration  144 (n) of  500 (nmax) 
     Iteration  145 (n) of  500 (nmax) 
     Iteration  146 (n) of  500 (nmax) 
     Iteration  147 (n) of  500 (nmax) 
     Iteration  148 (n) of  500 (nmax) 
     Iteration  149 (n) of  500 (nmax) 
     Iteration  150 (n) of  500 (nmax) 
     Iteration  151 (n) of  500 (nmax) 
     Iteration  152 (n) of  500 (nmax) 
     Iteration  153 (n) of  500 (nmax) 
     Iteration  154 (n) of  500 (nmax) 
     Iteration  155 (n) of  500 (nmax) 
     Iteration  156 (n) of  500 (nmax) 
     Iteration  157 (n) of  500 (nmax) 
     Iteration  158 (n) of  500 (nmax) 
     Iteration  159 (n) of  500 (nmax) 
     Iteration  160 (n) of  500 (nmax) 
     Iteration  161 (n) of  500 (nmax) 
     Iteration  162 (n) of  500 (nmax) 
     Iteration  163 (n) of  500 (nmax) 
     Iteration  164 (n) of  500 (nmax) 
     Iteration  165 (n) of  500 (nmax) 
     Iteration  166 (n) of  500 (nmax) 
     Iteration  167 (n) of  500 (nmax) 
     Iteration  168 (n) of  500 (nmax) 
     Iteration  169 (n) of  500 (nmax) 
     Iteration  170 (n) of  500 (nmax) 
     Iteration  171 (n) of  500 (nmax) 
     Iteration  172 (n) of  500 (nmax) 
     Iteration  173 (n) of  500 (nmax) 
     Iteration  174 (n) of  500 (nmax) 
     Iteration  175 (n) of  500 (nmax) 
     Iteration  176 (n) of  500 (nmax) 
     Iteration  177 (n) of  500 (nmax) 
     Iteration  178 (n) of  500 (nmax) 
     Iteration  179 (n) of  500 (nmax) 
     Iteration  180 (n) of  500 (nmax) 
     Iteration  181 (n) of  500 (nmax) 
     Iteration  182 (n) of  500 (nmax) 
     Iteration  183 (n) of  500 (nmax) 
     Iteration  184 (n) of  500 (nmax) 
     Iteration  185 (n) of  500 (nmax) 
     Iterat/var/spool/slurmd.spool/job886156/slurm_script: line 27: 10848 Segmentation fault      /users/40173800/openclFDTD/bin/yee2d.x x=${DIM} y=${DIM} STD 2>&1

real	6m13.240s
user	5m49.084s
sys	0m10.938s
  
----------------------------------------------------------
  
   Running case for DIM = 6000 
  

libgomp: Invalid value for environment variable OMP_NUM_THREADS
/var/spool/slurmd.spool/job886156/slurm_script: line 27: 11196 Segmentation fault      /users/40173800/openclFDTD/bin/yee2d.x x=${DIM} y=${DIM} STD 2>&1

real	6m24.974s
user	5m53.781s
sys	0m11.753s
